1505608954252	geckodriver	INFO	geckodriver 0.19.0
1505608954258	geckodriver	INFO	Listening on 127.0.0.1:51945
1505608955423	mozrunner::runner	INFO	Running command: "/Applications/Firefox.app/Contents/MacOS/firefox-bin" "-marionette" "-profile" "/var/folders/nt/ccykcd0j3sqfpm01dmdb9bs40000gn/T/rust_mozprofile.nK17vO6ejtkG"
1505608955708	addons.xpi	WARN	Error parsing extensions state: [Exception... "Component returned failure code: 0x80520012 (NS_ERROR_FILE_NOT_FOUND) [amIAddonManagerStartup.readStartupData]"  nsresult: "0x80520012 (NS_ERROR_FILE_NOT_FOUND)"  location: "JS frame :: resource://gre/modules/addons/XPIProvider.jsm :: loadExtensionState :: line 1596"  data: no] Stack trace: loadExtensionState()@resource://gre/modules/addons/XPIProvider.jsm:1596 < getInstallState()@resource://gre/modules/addons/XPIProvider.jsm:1631 < checkForChanges()@resource://gre/modules/addons/XPIProvider.jsm:3152 < startup()@resource://gre/modules/addons/XPIProvider.jsm:2246 < callProvider()@resource://gre/modules/AddonManager.jsm:271 < _startProvider()@resource://gre/modules/AddonManager.jsm:741 < startup()@resource://gre/modules/AddonManager.jsm:908 < startup()@resource://gre/modules/AddonManager.jsm:3122 < observe()@jar:file:///Applications/Firefox.app/Contents/Resources/omni.ja!/components/addonManager.js:65
1505608956018	Marionette	INFO	Enabled via --marionette
2017-09-17 08:42:37.148 plugin-container[767:51471] *** CFMessagePort: bootstrap_register(): failed 1100 (0x44c) 'Permission denied', port = 0xa43b, name = 'com.apple.tsm.portname'
See /usr/include/servers/bootstrap_defs.h for the error codes.
2017-09-17 08:42:37.151 plugin-container[767:51471] *** CFMessagePort: bootstrap_register(): failed 1100 (0x44c) 'Permission denied', port = 0xa703, name = 'com.apple.CFPasteboardClient'
See /usr/include/servers/bootstrap_defs.h for the error codes.
1505608957326	Marionette	INFO	Listening on port 51957
JavaScript error: chrome://marionette/content/server.js, line 337: NS_ERROR_SOCKET_ADDRESS_IN_USE: Component returned failure code: 0x804b0036 (NS_ERROR_SOCKET_ADDRESS_IN_USE) [nsIServerSocket.initSpecialConnection]
1505608957401	Marionette	WARN	TLS certificate errors will be ignored for this session
1505608957432	Marionette	DEBUG	loaded listener.js
1505608962448	Marionette	INFO	New connections will no longer be accepted
1505608980923	geckodriver	INFO	geckodriver 0.19.0
1505608980927	geckodriver	INFO	Listening on 127.0.0.1:52048
1505608981982	mozrunner::runner	INFO	Running command: "/Applications/Firefox.app/Contents/MacOS/firefox-bin" "-marionette" "-profile" "/var/folders/nt/ccykcd0j3sqfpm01dmdb9bs40000gn/T/rust_mozprofile.BkqIpo5PtltK"
1505608982176	addons.xpi	WARN	Error parsing extensions state: [Exception... "Component returned failure code: 0x80520012 (NS_ERROR_FILE_NOT_FOUND) [amIAddonManagerStartup.readStartupData]"  nsresult: "0x80520012 (NS_ERROR_FILE_NOT_FOUND)"  location: "JS frame :: resource://gre/modules/addons/XPIProvider.jsm :: loadExtensionState :: line 1596"  data: no] Stack trace: loadExtensionState()@resource://gre/modules/addons/XPIProvider.jsm:1596 < getInstallState()@resource://gre/modules/addons/XPIProvider.jsm:1631 < checkForChanges()@resource://gre/modules/addons/XPIProvider.jsm:3152 < startup()@resource://gre/modules/addons/XPIProvider.jsm:2246 < callProvider()@resource://gre/modules/AddonManager.jsm:271 < _startProvider()@resource://gre/modules/AddonManager.jsm:741 < startup()@resource://gre/modules/AddonManager.jsm:908 < startup()@resource://gre/modules/AddonManager.jsm:3122 < observe()@jar:file:///Applications/Firefox.app/Contents/Resources/omni.ja!/components/addonManager.js:65
1505608982468	Marionette	INFO	Enabled via --marionette
2017-09-17 08:43:03.405 plugin-container[781:52499] *** CFMessagePort: bootstrap_register(): failed 1100 (0x44c) 'Permission denied', port = 0x9e3b, name = 'com.apple.tsm.portname'
See /usr/include/servers/bootstrap_defs.h for the error codes.
2017-09-17 08:43:03.405 plugin-container[781:52499] *** CFMessagePort: bootstrap_register(): failed 1100 (0x44c) 'Permission denied', port = 0xa103, name = 'com.apple.CFPasteboardClient'
See /usr/include/servers/bootstrap_defs.h for the error codes.
1505608983690	Marionette	INFO	Listening on port 52057
JavaScript error: chrome://marionette/content/server.js, line 337: NS_ERROR_SOCKET_ADDRESS_IN_USE: Component returned failure code: 0x804b0036 (NS_ERROR_SOCKET_ADDRESS_IN_USE) [nsIServerSocket.initSpecialConnection]
1505608983750	Marionette	WARN	TLS certificate errors will be ignored for this session
1505608983788	Marionette	DEBUG	loaded listener.js
1505608988809	Marionette	INFO	New connections will no longer be accepted
1505647272001	geckodriver	INFO	geckodriver 0.19.0
1505647272008	geckodriver	INFO	Listening on 127.0.0.1:55030
1505647273072	mozrunner::runner	INFO	Running command: "/Applications/Firefox.app/Contents/MacOS/firefox-bin" "-marionette" "-profile" "/var/folders/nt/ccykcd0j3sqfpm01dmdb9bs40000gn/T/rust_mozprofile.jCKNQbgVQUgl"
1505647273289	addons.xpi	WARN	Error parsing extensions state: [Exception... "Component returned failure code: 0x80520012 (NS_ERROR_FILE_NOT_FOUND) [amIAddonManagerStartup.readStartupData]"  nsresult: "0x80520012 (NS_ERROR_FILE_NOT_FOUND)"  location: "JS frame :: resource://gre/modules/addons/XPIProvider.jsm :: loadExtensionState :: line 1596"  data: no] Stack trace: loadExtensionState()@resource://gre/modules/addons/XPIProvider.jsm:1596 < getInstallState()@resource://gre/modules/addons/XPIProvider.jsm:1631 < checkForChanges()@resource://gre/modules/addons/XPIProvider.jsm:3152 < startup()@resource://gre/modules/addons/XPIProvider.jsm:2246 < callProvider()@resource://gre/modules/AddonManager.jsm:271 < _startProvider()@resource://gre/modules/AddonManager.jsm:741 < startup()@resource://gre/modules/AddonManager.jsm:908 < startup()@resource://gre/modules/AddonManager.jsm:3122 < observe()@jar:file:///Applications/Firefox.app/Contents/Resources/omni.ja!/components/addonManager.js:65
1505647273578	Marionette	INFO	Enabled via --marionette
2017-09-17 19:21:14.438 plugin-container[1457:177113] *** CFMessagePort: bootstrap_register(): failed 1100 (0x44c) 'Permission denied', port = 0x9e3b, name = 'com.apple.tsm.portname'
See /usr/include/servers/bootstrap_defs.h for the error codes.
2017-09-17 19:21:14.441 plugin-container[1457:177113] *** CFMessagePort: bootstrap_register(): failed 1100 (0x44c) 'Permission denied', port = 0xa103, name = 'com.apple.CFPasteboardClient'
See /usr/include/servers/bootstrap_defs.h for the error codes.
1505647274810	Marionette	INFO	Listening on port 55039
1505647274844	Marionette	WARN	TLS certificate errors will be ignored for this session
JavaScript error: chrome://marionette/content/server.js, line 337: NS_ERROR_SOCKET_ADDRESS_IN_USE: Component returned failure code: 0x804b0036 (NS_ERROR_SOCKET_ADDRESS_IN_USE) [nsIServerSocket.initSpecialConnection]
1505647274878	Marionette	DEBUG	loaded listener.js
1505647328843	geckodriver	INFO	geckodriver 0.19.0
1505647328847	geckodriver	INFO	Listening on 127.0.0.1:55100
1505647329899	mozrunner::runner	INFO	Running command: "/Applications/Firefox.app/Contents/MacOS/firefox-bin" "-marionette" "-profile" "/var/folders/nt/ccykcd0j3sqfpm01dmdb9bs40000gn/T/rust_mozprofile.CoQEolFwZYKj"
1505647330087	addons.xpi	WARN	Error parsing extensions state: [Exception... "Component returned failure code: 0x80520012 (NS_ERROR_FILE_NOT_FOUND) [amIAddonManagerStartup.readStartupData]"  nsresult: "0x80520012 (NS_ERROR_FILE_NOT_FOUND)"  location: "JS frame :: resource://gre/modules/addons/XPIProvider.jsm :: loadExtensionState :: line 1596"  data: no] Stack trace: loadExtensionState()@resource://gre/modules/addons/XPIProvider.jsm:1596 < getInstallState()@resource://gre/modules/addons/XPIProvider.jsm:1631 < checkForChanges()@resource://gre/modules/addons/XPIProvider.jsm:3152 < startup()@resource://gre/modules/addons/XPIProvider.jsm:2246 < callProvider()@resource://gre/modules/AddonManager.jsm:271 < _startProvider()@resource://gre/modules/AddonManager.jsm:741 < startup()@resource://gre/modules/AddonManager.jsm:908 < startup()@resource://gre/modules/AddonManager.jsm:3122 < observe()@jar:file:///Applications/Firefox.app/Contents/Resources/omni.ja!/components/addonManager.js:65
1505647330355	Marionette	INFO	Enabled via --marionette
2017-09-17 19:22:11.200 plugin-container[1466:177478] *** CFMessagePort: bootstrap_register(): failed 1100 (0x44c) 'Permission denied', port = 0x9e3b, name = 'com.apple.tsm.portname'
See /usr/include/servers/bootstrap_defs.h for the error codes.
2017-09-17 19:22:11.203 plugin-container[1466:177478] *** CFMessagePort: bootstrap_register(): failed 1100 (0x44c) 'Permission denied', port = 0xa103, name = 'com.apple.CFPasteboardClient'
See /usr/include/servers/bootstrap_defs.h for the error codes.
1505647331492	Marionette	INFO	Listening on port 55109
JavaScript error: chrome://marionette/content/server.js, line 337: NS_ERROR_SOCKET_ADDRESS_IN_USE: Component returned failure code: 0x804b0036 (NS_ERROR_SOCKET_ADDRESS_IN_USE) [nsIServerSocket.initSpecialConnection]
1505647331565	Marionette	WARN	TLS certificate errors will be ignored for this session
1505647331593	Marionette	DEBUG	loaded listener.js
1505647331609	Marionette	DEBUG	Received DOM event "beforeunload" for "about:blank"
1505647331830	Marionette	DEBUG	Received DOM event "pagehide" for "about:blank"
1505647331830	Marionette	DEBUG	Received DOM event "unload" for "about:blank"
JavaScript error: https://ss1.bdstatic.com/5eN1bjq8AAUYm2zgoY3K/r/www/cache/static/protocol/https/plugins/every_cookie_mac_82990d4.js, line 4: ReferenceError: c is not defined
1505647332529	Marionette	DEBUG	Received DOM event "DOMContentLoaded" for "https://www.baidu.com/"
1505647332627	Marionette	DEBUG	Received DOM event "pageshow" for "https://www.baidu.com/"
1505647332808	Marionette	INFO	New connections will no longer be accepted
[Child 1466] WARNING: pipe error: Broken pipe: file /builds/slave/m-rel-m64-00000000000000000000/build/src/ipc/chromium/src/chrome/common/ipc_channel_posix.cc, line 709

###!!! [Child][MessageChannel] Error: (msgtype=0x4400C6,name=PContent::Msg_GraphicsError) Channel error: cannot send/recv

[GFX1-]: Receive IPC close with reason=AbnormalShutdown
2017-09-17 19:22:19.949 firefox-bin[1456:177012] IMKInputSession presentFunctionRowItemTextInputViewWithEndpoint:completionHandler: : [self textInputContext]=0x10eb32400 *NO* NSRemoteViewController to client, NSError=Error Domain=NSCocoaErrorDomain Code=4097 "connection from pid 0" UserInfo={NSDebugDescription=connection from pid 0}, com.apple.inputmethod.EmojiFunctionRowItem
1505647366085	geckodriver	INFO	geckodriver 0.19.0
1505647366088	geckodriver	INFO	Listening on 127.0.0.1:55182
1505647367142	mozrunner::runner	INFO	Running command: "/Applications/Firefox.app/Contents/MacOS/firefox-bin" "-marionette" "-profile" "/var/folders/nt/ccykcd0j3sqfpm01dmdb9bs40000gn/T/rust_mozprofile.oY6AvuA104MB"
1505647367339	addons.xpi	WARN	Error parsing extensions state: [Exception... "Component returned failure code: 0x80520012 (NS_ERROR_FILE_NOT_FOUND) [amIAddonManagerStartup.readStartupData]"  nsresult: "0x80520012 (NS_ERROR_FILE_NOT_FOUND)"  location: "JS frame :: resource://gre/modules/addons/XPIProvider.jsm :: loadExtensionState :: line 1596"  data: no] Stack trace: loadExtensionState()@resource://gre/modules/addons/XPIProvider.jsm:1596 < getInstallState()@resource://gre/modules/addons/XPIProvider.jsm:1631 < checkForChanges()@resource://gre/modules/addons/XPIProvider.jsm:3152 < startup()@resource://gre/modules/addons/XPIProvider.jsm:2246 < callProvider()@resource://gre/modules/AddonManager.jsm:271 < _startProvider()@resource://gre/modules/AddonManager.jsm:741 < startup()@resource://gre/modules/AddonManager.jsm:908 < startup()@resource://gre/modules/AddonManager.jsm:3122 < observe()@jar:file:///Applications/Firefox.app/Contents/Resources/omni.ja!/components/addonManager.js:65
1505647367609	Marionette	INFO	Enabled via --marionette
2017-09-17 19:22:48.450 plugin-container[1473:177905] *** CFMessagePort: bootstrap_register(): failed 1100 (0x44c) 'Permission denied', port = 0x9e3b, name = 'com.apple.tsm.portname'
See /usr/include/servers/bootstrap_defs.h for the error codes.
2017-09-17 19:22:48.452 plugin-container[1473:177905] *** CFMessagePort: bootstrap_register(): failed 1100 (0x44c) 'Permission denied', port = 0xa103, name = 'com.apple.CFPasteboardClient'
See /usr/include/servers/bootstrap_defs.h for the error codes.
1505647368743	Marionette	INFO	Listening on port 55191
JavaScript error: chrome://marionette/content/server.js, line 337: NS_ERROR_SOCKET_ADDRESS_IN_USE: Component returned failure code: 0x804b0036 (NS_ERROR_SOCKET_ADDRESS_IN_USE) [nsIServerSocket.initSpecialConnection]
1505647368819	Marionette	WARN	TLS certificate errors will be ignored for this session
1505647368849	Marionette	DEBUG	loaded listener.js
1505647368876	Marionette	DEBUG	Received DOM event "beforeunload" for "about:blank"
1505647369064	Marionette	DEBUG	Received DOM event "pagehide" for "about:blank"
1505647369064	Marionette	DEBUG	Received DOM event "unload" for "about:blank"
JavaScript error: https://ss1.bdstatic.com/5eN1bjq8AAUYm2zgoY3K/r/www/cache/static/protocol/https/plugins/every_cookie_mac_82990d4.js, line 4: ReferenceError: c is not defined
1505647369439	Marionette	DEBUG	Received DOM event "DOMContentLoaded" for "https://www.baidu.com/"
1505647369510	Marionette	DEBUG	Received DOM event "pageshow" for "https://www.baidu.com/"
1505647369688	Marionette	INFO	New connections will no longer be accepted
1505647698847	geckodriver	INFO	geckodriver 0.19.0
1505647698851	geckodriver	INFO	Listening on 127.0.0.1:55647
1505647699908	mozrunner::runner	INFO	Running command: "/Applications/Firefox.app/Contents/MacOS/firefox-bin" "-marionette" "-profile" "/var/folders/nt/ccykcd0j3sqfpm01dmdb9bs40000gn/T/rust_mozprofile.II85NrytDa0w"
1505647700112	addons.xpi	WARN	Error parsing extensions state: [Exception... "Component returned failure code: 0x80520012 (NS_ERROR_FILE_NOT_FOUND) [amIAddonManagerStartup.readStartupData]"  nsresult: "0x80520012 (NS_ERROR_FILE_NOT_FOUND)"  location: "JS frame :: resource://gre/modules/addons/XPIProvider.jsm :: loadExtensionState :: line 1596"  data: no] Stack trace: loadExtensionState()@resource://gre/modules/addons/XPIProvider.jsm:1596 < getInstallState()@resource://gre/modules/addons/XPIProvider.jsm:1631 < checkForChanges()@resource://gre/modules/addons/XPIProvider.jsm:3152 < startup()@resource://gre/modules/addons/XPIProvider.jsm:2246 < callProvider()@resource://gre/modules/AddonManager.jsm:271 < _startProvider()@resource://gre/modules/AddonManager.jsm:741 < startup()@resource://gre/modules/AddonManager.jsm:908 < startup()@resource://gre/modules/AddonManager.jsm:3122 < observe()@jar:file:///Applications/Firefox.app/Contents/Resources/omni.ja!/components/addonManager.js:65
1505647700378	Marionette	INFO	Enabled via --marionette
2017-09-17 19:28:21.228 plugin-container[1528:182082] *** CFMessagePort: bootstrap_register(): failed 1100 (0x44c) 'Permission denied', port = 0x9e3b, name = 'com.apple.tsm.portname'
See /usr/include/servers/bootstrap_defs.h for the error codes.
2017-09-17 19:28:21.230 plugin-container[1528:182082] *** CFMessagePort: bootstrap_register(): failed 1100 (0x44c) 'Permission denied', port = 0xa103, name = 'com.apple.CFPasteboardClient'
See /usr/include/servers/bootstrap_defs.h for the error codes.
1505647701538	Marionette	INFO	Listening on port 55656
JavaScript error: chrome://marionette/content/server.js, line 337: NS_ERROR_SOCKET_ADDRESS_IN_USE: Component returned failure code: 0x804b0036 (NS_ERROR_SOCKET_ADDRESS_IN_USE) [nsIServerSocket.initSpecialConnection]
1505647701584	Marionette	WARN	TLS certificate errors will be ignored for this session
1505647701612	Marionette	DEBUG	loaded listener.js
1505647701627	Marionette	DEBUG	Received DOM event "beforeunload" for "about:blank"
1505647721476	addons.productaddons	WARN	Failed downloading XML, status: 0, reason: timeout
1505647730224	Marionette	DEBUG	Received DOM event "pagehide" for "about:blank"
1505647730224	Marionette	DEBUG	Received DOM event "unload" for "about:blank"
1505647743057	Marionette	DEBUG	Received DOM event "DOMContentLoaded" for "https://passport.weibo.com/visitor/visitor?entry=miniblog&a=enter&url=http%3A%2F%2Fweibo.com%2F&domain=.weibo.com&ua=php-sso_sdk_client-0.6.23&_rand=1505647725.4716"
1505647743063	Marionette	DEBUG	Received DOM event "pageshow" for "https://passport.weibo.com/visitor/visitor?entry=miniblog&a=enter&url=http%3A%2F%2Fweibo.com%2F&domain=.weibo.com&ua=php-sso_sdk_client-0.6.23&_rand=1505647725.4716"
JavaScript error: https://g.alicdn.com/kissy/k/1.4.2/seed-min.js, line 51: TypeError: i is null
JavaScript error: https://g.alicdn.com/tb/login/0.4.7/weibo/login/login.js, line 1: TypeError: KISSY.add is not a function
JavaScript error: https://login.taobao.com/member/login.jhtml?from=wbfast&style=wbfast&goto=http%3A%2F%2Fweibo.com%2Fa%2Fbind%2Flogin%3Fentry%3Dtaobao%26sid%3Dc08db6ea07d4ed812c3bd73ac8060af0, line 153: TypeError: S.getScript is not a function
JavaScript error: https://login.taobao.com/member/login.jhtml?from=wbfast&style=wbfast&goto=http%3A%2F%2Fweibo.com%2Fa%2Fbind%2Flogin%3Fentry%3Dtaobao%26sid%3Dc08db6ea07d4ed812c3bd73ac8060af0, line 9: TypeError: r.ready is not a function
2017-09-17 19:30:35.675 firefox-bin[1527:181978] IMKInputSession presentFunctionRowItemTextInputViewWithEndpoint:completionHandler: : [self textInputContext]=0x11c9b6400 *NO* NSRemoteViewController to client, NSError=Error Domain=NSCocoaErrorDomain Code=4097 "connection from pid 0" UserInfo={NSDebugDescription=connection from pid 0}, com.apple.inputmethod.EmojiFunctionRowItem

###!!! [Child][RunMessage] Error: Channel closing: too late to send/recv, messages will be lost

1505648287188	geckodriver	INFO	geckodriver 0.19.0
1505648287192	geckodriver	INFO	Listening on 127.0.0.1:55990
1505648288304	mozrunner::runner	INFO	Running command: "/Applications/Firefox.app/Contents/MacOS/firefox-bin" "-marionette" "-profile" "/var/folders/nt/ccykcd0j3sqfpm01dmdb9bs40000gn/T/rust_mozprofile.KNSdQrJ0H1Ft"
1505648288517	addons.xpi	WARN	Error parsing extensions state: [Exception... "Component returned failure code: 0x80520012 (NS_ERROR_FILE_NOT_FOUND) [amIAddonManagerStartup.readStartupData]"  nsresult: "0x80520012 (NS_ERROR_FILE_NOT_FOUND)"  location: "JS frame :: resource://gre/modules/addons/XPIProvider.jsm :: loadExtensionState :: line 1596"  data: no] Stack trace: loadExtensionState()@resource://gre/modules/addons/XPIProvider.jsm:1596 < getInstallState()@resource://gre/modules/addons/XPIProvider.jsm:1631 < checkForChanges()@resource://gre/modules/addons/XPIProvider.jsm:3152 < startup()@resource://gre/modules/addons/XPIProvider.jsm:2246 < callProvider()@resource://gre/modules/AddonManager.jsm:271 < _startProvider()@resource://gre/modules/AddonManager.jsm:741 < startup()@resource://gre/modules/AddonManager.jsm:908 < startup()@resource://gre/modules/AddonManager.jsm:3122 < observe()@jar:file:///Applications/Firefox.app/Contents/Resources/omni.ja!/components/addonManager.js:65
1505648288780	Marionette	INFO	Enabled via --marionette
2017-09-17 19:38:09.675 plugin-container[1587:186482] *** CFMessagePort: bootstrap_register(): failed 1100 (0x44c) 'Permission denied', port = 0x9e33, name = 'com.apple.tsm.portname'
See /usr/include/servers/bootstrap_defs.h for the error codes.
2017-09-17 19:38:09.677 plugin-container[1587:186482] *** CFMessagePort: bootstrap_register(): failed 1100 (0x44c) 'Permission denied', port = 0xa103, name = 'com.apple.CFPasteboardClient'
See /usr/include/servers/bootstrap_defs.h for the error codes.
1505648290013	Marionette	INFO	Listening on port 55999
JavaScript error: chrome://marionette/content/server.js, line 337: NS_ERROR_SOCKET_ADDRESS_IN_USE: Component returned failure code: 0x804b0036 (NS_ERROR_SOCKET_ADDRESS_IN_USE) [nsIServerSocket.initSpecialConnection]
1505648290073	Marionette	WARN	TLS certificate errors will be ignored for this session
1505648290103	Marionette	DEBUG	loaded listener.js
1505648290120	Marionette	DEBUG	Received DOM event "beforeunload" for "about:blank"
1505648290541	Marionette	DEBUG	Received DOM event "pagehide" for "about:blank"
1505648290541	Marionette	DEBUG	Received DOM event "unload" for "about:blank"
JavaScript error: https://ss1.bdstatic.com/5eN1bjq8AAUYm2zgoY3K/r/www/cache/static/protocol/https/plugins/every_cookie_mac_82990d4.js, line 4: ReferenceError: c is not defined
1505648291011	Marionette	DEBUG	Received DOM event "DOMContentLoaded" for "https://www.baidu.com/"
1505648291118	Marionette	DEBUG	Received DOM event "pageshow" for "https://www.baidu.com/"
1505648291128	Marionette	INFO	New connections will no longer be accepted
1505648613034	geckodriver	INFO	geckodriver 0.19.0
1505648613037	geckodriver	INFO	Listening on 127.0.0.1:56147
1505648614100	mozrunner::runner	INFO	Running command: "/Applications/Firefox.app/Contents/MacOS/firefox-bin" "-marionette" "-profile" "/var/folders/nt/ccykcd0j3sqfpm01dmdb9bs40000gn/T/rust_mozprofile.XH4QNvZvLen9"
1505648614305	addons.xpi	WARN	Error parsing extensions state: [Exception... "Component returned failure code: 0x80520012 (NS_ERROR_FILE_NOT_FOUND) [amIAddonManagerStartup.readStartupData]"  nsresult: "0x80520012 (NS_ERROR_FILE_NOT_FOUND)"  location: "JS frame :: resource://gre/modules/addons/XPIProvider.jsm :: loadExtensionState :: line 1596"  data: no] Stack trace: loadExtensionState()@resource://gre/modules/addons/XPIProvider.jsm:1596 < getInstallState()@resource://gre/modules/addons/XPIProvider.jsm:1631 < checkForChanges()@resource://gre/modules/addons/XPIProvider.jsm:3152 < startup()@resource://gre/modules/addons/XPIProvider.jsm:2246 < callProvider()@resource://gre/modules/AddonManager.jsm:271 < _startProvider()@resource://gre/modules/AddonManager.jsm:741 < startup()@resource://gre/modules/AddonManager.jsm:908 < startup()@resource://gre/modules/AddonManager.jsm:3122 < observe()@jar:file:///Applications/Firefox.app/Contents/Resources/omni.ja!/components/addonManager.js:65
1505648614580	Marionette	INFO	Enabled via --marionette
2017-09-17 19:43:35.450 plugin-container[1620:188882] *** CFMessagePort: bootstrap_register(): failed 1100 (0x44c) 'Permission denied', port = 0x9e3b, name = 'com.apple.tsm.portname'
See /usr/include/servers/bootstrap_defs.h for the error codes.
2017-09-17 19:43:35.452 plugin-container[1620:188882] *** CFMessagePort: bootstrap_register(): failed 1100 (0x44c) 'Permission denied', port = 0xa103, name = 'com.apple.CFPasteboardClient'
See /usr/include/servers/bootstrap_defs.h for the error codes.
1505648615737	Marionette	INFO	Listening on port 56156
JavaScript error: chrome://marionette/content/server.js, line 337: NS_ERROR_SOCKET_ADDRESS_IN_USE: Component returned failure code: 0x804b0036 (NS_ERROR_SOCKET_ADDRESS_IN_USE) [nsIServerSocket.initSpecialConnection]
1505648615767	Marionette	WARN	TLS certificate errors will be ignored for this session
1505648615796	Marionette	DEBUG	loaded listener.js
1505648615813	Marionette	DEBUG	Received DOM event "beforeunload" for "about:blank"
1505648616045	Marionette	DEBUG	Received DOM event "pagehide" for "about:blank"
1505648616047	Marionette	DEBUG	Received DOM event "unload" for "about:blank"
JavaScript error: https://ss1.bdstatic.com/5eN1bjq8AAUYm2zgoY3K/r/www/cache/static/protocol/https/plugins/every_cookie_mac_82990d4.js, line 4: ReferenceError: c is not defined
1505648616442	Marionette	DEBUG	Received DOM event "DOMContentLoaded" for "https://www.baidu.com/"
1505648616531	Marionette	DEBUG	Received DOM event "pageshow" for "https://www.baidu.com/"
1505648616689	Marionette	INFO	New connections will no longer be accepted
2017-09-17 19:46:56.521 firefox-bin[1527:181978] IMKInputSession presentFunctionRowItemTextInputViewWithEndpoint:completionHandler: : [self textInputContext]=0x128a8e340 *NO* NSRemoteViewController to client, NSError=Error Domain=NSCocoaErrorDomain Code=4097 "connection from pid 0" UserInfo={NSDebugDescription=connection from pid 0}, com.apple.inputmethod.EmojiFunctionRowItem
2017-09-17 19:46:56.634 firefox-bin[1527:181978] IMKInputSession presentFunctionRowItemTextInputViewWithEndpoint:completionHandler: : [self textInputContext]=0x128a8e340 *NO* NSRemoteViewController to client, NSError=Error Domain=NSCocoaErrorDomain Code=4097 "connection from pid 0" UserInfo={NSDebugDescription=connection from pid 0}, com.apple.inputmethod.EmojiFunctionRowItem
2017-09-17 19:46:56.711 plugin-container[1659:191804] *** CFMessagePort: bootstrap_register(): failed 1100 (0x44c) 'Permission denied', port = 0x9e3b, name = 'com.apple.tsm.portname'
See /usr/include/servers/bootstrap_defs.h for the error codes.
2017-09-17 19:46:56.713 plugin-container[1659:191804] *** CFMessagePort: bootstrap_register(): failed 1100 (0x44c) 'Permission denied', port = 0xa103, name = 'com.apple.CFPasteboardClient'
See /usr/include/servers/bootstrap_defs.h for the error codes.
1509889302526	geckodriver	INFO	geckodriver 0.19.0
1509889302535	geckodriver	INFO	Listening on 127.0.0.1:58430
1509889303608	mozrunner::runner	INFO	Running command: "/Applications/Firefox.app/Contents/MacOS/firefox-bin" "-marionette" "-profile" "/var/folders/nt/ccykcd0j3sqfpm01dmdb9bs40000gn/T/rust_mozprofile.ZhQG3mJREa7a"
1509889303911	addons.xpi	WARN	Error parsing extensions state: [Exception... "Component returned failure code: 0x80520012 (NS_ERROR_FILE_NOT_FOUND) [amIAddonManagerStartup.readStartupData]"  nsresult: "0x80520012 (NS_ERROR_FILE_NOT_FOUND)"  location: "JS frame :: resource://gre/modules/addons/XPIProvider.jsm :: loadExtensionState :: line 1596"  data: no] Stack trace: loadExtensionState()@resource://gre/modules/addons/XPIProvider.jsm:1596 < getInstallState()@resource://gre/modules/addons/XPIProvider.jsm:1631 < checkForChanges()@resource://gre/modules/addons/XPIProvider.jsm:3152 < startup()@resource://gre/modules/addons/XPIProvider.jsm:2246 < callProvider()@resource://gre/modules/AddonManager.jsm:271 < _startProvider()@resource://gre/modules/AddonManager.jsm:741 < startup()@resource://gre/modules/AddonManager.jsm:908 < startup()@resource://gre/modules/AddonManager.jsm:3122 < observe()@jar:file:///Applications/Firefox.app/Contents/Resources/omni.ja!/components/addonManager.js:65
1509889304214	Marionette	INFO	Enabled via --marionette
2017-11-05 21:41:45.220 plugin-container[2586:310229] *** CFMessagePort: bootstrap_register(): failed 1100 (0x44c) 'Permission denied', port = 0xa033, name = 'com.apple.tsm.portname'
See /usr/include/servers/bootstrap_defs.h for the error codes.
2017-11-05 21:41:45.221 plugin-container[2586:310229] *** CFMessagePort: bootstrap_register(): failed 1100 (0x44c) 'Permission denied', port = 0xa303, name = 'com.apple.CFPasteboardClient'
See /usr/include/servers/bootstrap_defs.h for the error codes.
1509889305559	Marionette	INFO	Listening on port 58439
JavaScript error: chrome://marionette/content/server.js, line 337: NS_ERROR_SOCKET_ADDRESS_IN_USE: Component returned failure code: 0x804b0036 (NS_ERROR_SOCKET_ADDRESS_IN_USE) [nsIServerSocket.initSpecialConnection]
1509889305595	Marionette	WARN	TLS certificate errors will be ignored for this session
1509889305625	Marionette	DEBUG	loaded listener.js
1509889305639	Marionette	DEBUG	Received DOM event "beforeunload" for "about:blank"
1509889306809	Marionette	DEBUG	Received DOM event "pagehide" for "about:blank"
1509889306810	Marionette	DEBUG	Received DOM event "unload" for "about:blank"
1509889307731	Marionette	DEBUG	Received DOM event "DOMContentLoaded" for "https://passport.weibo.com/visitor/visitor?entry=miniblog&a=enter&url=http%3A%2F%2Fweibo.com%2F&domain=.weibo.com&ua=php-sso_sdk_client-0.6.23&_rand=1509889308.394"
1509889307738	Marionette	DEBUG	Received DOM event "pageshow" for "https://passport.weibo.com/visitor/visitor?entry=miniblog&a=enter&url=http%3A%2F%2Fweibo.com%2F&domain=.weibo.com&ua=php-sso_sdk_client-0.6.23&_rand=1509889308.394"
1509889400059	addons.productaddons	WARN	Failed downloading via XHR, status: 0, reason: error
JavaScript error: jar:file:///Applications/Firefox.app/Contents/Resources/browser/omni.ja!/components/nsBrowserGlue.js, line 999: TypeError: win is null
JavaScript error: jar:file:///Applications/Firefox.app/Contents/Resources/browser/omni.ja!/components/nsBrowserGlue.js, line 999: TypeError: win is null
2017-11-05 22:00:23.676 firefox-bin[2585:310129] IMKInputSession presentFunctionRowItemTextInputViewWithEndpoint:completionHandler: : [self textInputContext]=0x125b45be0 *NO* NSRemoteViewController to client, NSError=Error Domain=NSCocoaErrorDomain Code=4097 "connection from pid 0" UserInfo={NSDebugDescription=connection from pid 0}, com.apple.inputmethod.EmojiFunctionRowItem
2017-11-05 22:00:23.750 firefox-bin[2585:310129] IMKInputSession presentFunctionRowItemTextInputViewWithEndpoint:completionHandler: : [self textInputContext]=0x125b45be0 *NO* NSRemoteViewController to client, NSError=Error Domain=NSCocoaErrorDomain Code=4097 "connection from pid 0" UserInfo={NSDebugDescription=connection from pid 0}, com.apple.inputmethod.SCIM
2017-11-05 22:00:23.811 firefox-bin[2585:310129] IMKInputSession presentFunctionRowItemTextInputViewWithEndpoint:completionHandler: : [self textInputContext]=0x125b45be0 *NO* NSRemoteViewController to client, NSError=Error Domain=NSCocoaErrorDomain Code=4097 "connection from pid 0" UserInfo={NSDebugDescription=connection from pid 0}, com.apple.inputmethod.SCIM
2017-11-05 22:00:23.820 firefox-bin[2585:310129] IMKInputSession presentFunctionRowItemTextInputViewWithEndpoint:completionHandler: : [self textInputContext]=0x125b45be0 *NO* NSRemoteViewController to client, NSError=Error Domain=NSCocoaErrorDomain Code=4097 "connection from pid 0" UserInfo={NSDebugDescription=connection from pid 0}, com.apple.inputmethod.EmojiFunctionRowItem
2017-11-05 22:00:23.827 firefox-bin[2585:310129] IMKInputSession presentFunctionRowItemTextInputViewWithEndpoint:completionHandler: : [self textInputContext]=0x125b45be0 *NO* NSRemoteViewController to client, NSError=Error Domain=NSCocoaErrorDomain Code=4097 "connection from pid 0" UserInfo={NSDebugDescription=connection from pid 0}, com.apple.inputmethod.SCIM
2017-11-05 22:00:23.837 plugin-container[2653:320054] *** CFMessagePort: bootstrap_register(): failed 1100 (0x44c) 'Permission denied', port = 0x9e3b, name = 'com.apple.tsm.portname'
See /usr/include/servers/bootstrap_defs.h for the error codes.
2017-11-05 22:00:23.840 plugin-container[2653:320054] *** CFMessagePort: bootstrap_register(): failed 1100 (0x44c) 'Permission denied', port = 0xa103, name = 'com.apple.CFPasteboardClient'
See /usr/include/servers/bootstrap_defs.h for the error codes.
2017-11-05 22:00:25.620 firefox-bin[2585:310129] IMKInputSession presentFunctionRowItemTextInputViewWithEndpoint:completionHandler: : [self textInputContext]=0x125b45be0 *NO* NSRemoteViewController to client, NSError=Error Domain=NSCocoaErrorDomain Code=4097 "connection from pid 0" UserInfo={NSDebugDescription=connection from pid 0}, com.apple.inputmethod.SCIM
1511666298634	geckodriver	INFO	geckodriver 0.19.0
1511666298641	geckodriver	INFO	Listening on 127.0.0.1:50751
1511666301763	mozrunner::runner	INFO	Running command: "/Applications/Firefox.app/Contents/MacOS/firefox-bin" "-marionette" "-profile" "/var/folders/nt/ccykcd0j3sqfpm01dmdb9bs40000gn/T/rust_mozprofile.TAh8HnpCGuun"
1511666302055	addons.xpi	WARN	Error parsing extensions state: [Exception... "Component returned failure code: 0x80520012 (NS_ERROR_FILE_NOT_FOUND) [amIAddonManagerStartup.readStartupData]"  nsresult: "0x80520012 (NS_ERROR_FILE_NOT_FOUND)"  location: "JS frame :: resource://gre/modules/addons/XPIProvider.jsm :: loadExtensionState :: line 1596"  data: no] Stack trace: loadExtensionState()@resource://gre/modules/addons/XPIProvider.jsm:1596 < getInstallState()@resource://gre/modules/addons/XPIProvider.jsm:1631 < checkForChanges()@resource://gre/modules/addons/XPIProvider.jsm:3152 < startup()@resource://gre/modules/addons/XPIProvider.jsm:2246 < callProvider()@resource://gre/modules/AddonManager.jsm:271 < _startProvider()@resource://gre/modules/AddonManager.jsm:741 < startup()@resource://gre/modules/AddonManager.jsm:908 < startup()@resource://gre/modules/AddonManager.jsm:3122 < observe()@jar:file:///Applications/Firefox.app/Contents/Resources/omni.ja!/components/addonManager.js:65
1511666302391	Marionette	INFO	Enabled via --marionette
2017-11-26 11:18:23.638 plugin-container[1578:58331] *** CFMessagePort: bootstrap_register(): failed 1100 (0x44c) 'Permission denied', port = 0xa13b, name = 'com.apple.tsm.portname'
See /usr/include/servers/bootstrap_defs.h for the error codes.
2017-11-26 11:18:23.664 plugin-container[1578:58331] Error received in message reply handler: Connection invalid
2017-11-26 11:18:23.664 plugin-container[1578:58332] Connection Invalid error for service com.apple.hiservices-xpcservice.
2017-11-26 11:18:23.666 plugin-container[1578:58331] Error received in message reply handler: Connection invalid
2017-11-26 11:18:23.688 plugin-container[1578:58331] Error received in message reply handler: Connection invalid
2017-11-26 11:18:23.691 plugin-container[1578:58331] Error received in message reply handler: Connection invalid
2017-11-26 11:18:23.734 plugin-container[1578:58331] Error received in message reply handler: Connection invalid
2017-11-26 11:18:23.739 plugin-container[1578:58331] Error received in message reply handler: Connection invalid
2017-11-26 11:18:23.748 plugin-container[1578:58331] Error received in message reply handler: Connection invalid
2017-11-26 11:18:23.752 plugin-container[1578:58331] Error received in message reply handler: Connection invalid
Keyboard Layouts: duplicate keyboard layout identifier -14934.
Keyboard Layouts: keyboard layout identifier -14934 has been replaced with -28673.
2017-11-26 11:18:23.795 plugin-container[1578:58331] Error received in message reply handler: Connection invalid
2017-11-26 11:18:23.811 plugin-container[1578:58331] *** CFMessagePort: bootstrap_register(): failed 1100 (0x44c) 'Permission denied', port = 0xa847, name = 'com.apple.coredrag'
See /usr/include/servers/bootstrap_defs.h for the error codes.
1511666303856	Marionette	INFO	Listening on port 50758
JavaScript error: chrome://marionette/content/server.js, line 337: NS_ERROR_SOCKET_ADDRESS_IN_USE: Component returned failure code: 0x804b0036 (NS_ERROR_SOCKET_ADDRESS_IN_USE) [nsIServerSocket.initSpecialConnection]
1511666304918	Marionette	WARN	TLS certificate errors will be ignored for this session
1511666304952	Marionette	DEBUG	loaded listener.js
1511666304966	Marionette	DEBUG	Received DOM event "beforeunload" for "about:blank"
1511666308313	Marionette	DEBUG	Received DOM event "pagehide" for "about:blank"
1511666308314	Marionette	DEBUG	Received DOM event "unload" for "about:blank"
1511666310396	Marionette	DEBUG	Received DOM event "DOMContentLoaded" for "https://passport.weibo.com/visitor/visitor?entry=miniblog&a=enter&url=https%3A%2F%2Fweibo.com%2F&domain=.weibo.com&ua=php-sso_sdk_client-0.6.23&_rand=1511666306.1981"
1511666310402	Marionette	DEBUG	Received DOM event "pageshow" for "https://passport.weibo.com/visitor/visitor?entry=miniblog&a=enter&url=https%3A%2F%2Fweibo.com%2F&domain=.weibo.com&ua=php-sso_sdk_client-0.6.23&_rand=1511666306.1981"
2017-11-26 11:18:44.824 firefox-bin[1577:58225] IMKInputSession [0x123c06430 presentFunctionRowItemTextInputViewWithEndpoint:completionHandler:] : [self textInputContext]=0x11586e4c0 *NO* NSRemoteViewController to client, NSError=Error Domain=NSCocoaErrorDomain Code=4097 "connection from pid 0" UserInfo={NSDebugDescription=connection from pid 0}, com.apple.inputmethod.EmojiFunctionRowItem
1511666330735	Marionette	DEBUG	Canceled page load listener because no navigation has been detected
2017-11-26 11:18:51.006 firefox-bin[1577:58225] IMKInputSession [0x123c06430 presentFunctionRowItemTextInputViewWithEndpoint:completionHandler:] : [self textInputContext]=0x11586e4c0 *NO* NSRemoteViewController to client, NSError=Error Domain=NSCocoaErrorDomain Code=4097 "connection from pid 0" UserInfo={NSDebugDescription=connection from pid 0}, com.apple.inputmethod.EmojiFunctionRowItem
2017-11-26 11:18:52.787 firefox-bin[1577:58225] IMKInputSession [0x123c06430 presentFunctionRowItemTextInputViewWithEndpoint:completionHandler:] : [self textInputContext]=0x11586e4c0 *NO* NSRemoteViewController to client, NSError=Error Domain=NSCocoaErrorDomain Code=4097 "connection from pid 0" UserInfo={NSDebugDescription=connection from pid 0}, com.apple.inputmethod.EmojiFunctionRowItem
2017-11-26 11:18:52.910 firefox-bin[1577:58225] IMKInputSession [0x123c06430 presentFunctionRowItemTextInputViewWithEndpoint:completionHandler:] : [self textInputContext]=0x11586e4c0 *NO* NSRemoteViewController to client, NSError=Error Domain=NSCocoaErrorDomain Code=4097 "connection from pid 0" UserInfo={NSDebugDescription=connection from pid 0}, com.apple.inputmethod.EmojiFunctionRowItem
2017-11-26 11:19:38.595 firefox-bin[1577:58225] IMKInputSession [0x123c06430 presentFunctionRowItemTextInputViewWithEndpoint:completionHandler:] : [self textInputContext]=0x11586e4c0 *NO* NSRemoteViewController to client, NSError=Error Domain=NSCocoaErrorDomain Code=4097 "connection from pid 0" UserInfo={NSDebugDescription=connection from pid 0}, com.apple.inputmethod.EmojiFunctionRowItem
2017-11-26 19:46:48.880 plugin-container[1578:58331] Error received in message reply handler: Connection invalid
2017-11-26 19:46:49.007 plugin-container[1578:58331] Error received in message reply handler: Connection invalid
2017-11-26 19:46:49.138 plugin-container[1578:58331] Error received in message reply handler: Connection invalid
2017-11-26 19:46:49.140 plugin-container[1578:58331] Error received in message reply handler: Connection invalid
2017-11-26 19:46:49.391 plugin-container[1578:58331] Error received in message reply handler: Connection invalid
2017-11-26 19:46:49.395 plugin-container[1578:58331] Error received in message reply handler: Connection invalid
2017-11-26 19:46:49.401 plugin-container[1578:58331] Error received in message reply handler: Connection invalid
2017-11-26 19:46:49.406 plugin-container[1578:58331] Error received in message reply handler: Connection invalid
Keyboard Layouts: duplicate keyboard layout identifier -14934.
Keyboard Layouts: keyboard layout identifier -14934 has been replaced with -28673.
2017-11-26 19:46:49.493 plugin-container[1578:58331] Error received in message reply handler: Connection invalid
No session list!
No session list!
2017-11-26 20:10:37.303 plugin-container[1578:58331] HIToolbox: received notification of WindowServer event port death.
2017-11-26 20:10:37.303 plugin-container[1578:58331] port matched the WindowServer port created in BindCGSToRunLoop
2017-11-26 20:10:37.304 firefox-bin[1577:58225] HIToolbox: received notification of WindowServer event port death.
2017-11-26 20:10:37.305 firefox-bin[1577:58225] port matched the WindowServer port created in BindCGSToRunLoop
No session list!
No session list!
1516020544054	geckodriver	INFO	geckodriver 0.19.0
1516020544063	geckodriver	INFO	Listening on 127.0.0.1:55301
1516020547192	mozrunner::runner	INFO	Running command: "/Applications/Firefox.app/Contents/MacOS/firefox-bin" "-marionette" "-profile" "/var/folders/nt/ccykcd0j3sqfpm01dmdb9bs40000gn/T/rust_mozprofile.U3hie3iNU02O"
1516020547471	addons.xpi	WARN	Error parsing extensions state: [Exception... "Component returned failure code: 0x80520012 (NS_ERROR_FILE_NOT_FOUND) [amIAddonManagerStartup.readStartupData]"  nsresult: "0x80520012 (NS_ERROR_FILE_NOT_FOUND)"  location: "JS frame :: resource://gre/modules/addons/XPIProvider.jsm :: loadExtensionState :: line 1596"  data: no] Stack trace: loadExtensionState()@resource://gre/modules/addons/XPIProvider.jsm:1596 < getInstallState()@resource://gre/modules/addons/XPIProvider.jsm:1631 < checkForChanges()@resource://gre/modules/addons/XPIProvider.jsm:3152 < startup()@resource://gre/modules/addons/XPIProvider.jsm:2246 < callProvider()@resource://gre/modules/AddonManager.jsm:271 < _startProvider()@resource://gre/modules/AddonManager.jsm:741 < startup()@resource://gre/modules/AddonManager.jsm:908 < startup()@resource://gre/modules/AddonManager.jsm:3122 < observe()@jar:file:///Applications/Firefox.app/Contents/Resources/omni.ja!/components/addonManager.js:65
1516020547778	Marionette	INFO	Enabled via --marionette
2018-01-15 20:49:08.797 plugin-container[4353:364848] *** CFMessagePort: bootstrap_register(): failed 1100 (0x44c) 'Permission denied', port = 0x9f3b, name = 'com.apple.tsm.portname'
See /usr/include/servers/bootstrap_defs.h for the error codes.
2018-01-15 20:49:08.831 plugin-container[4353:364848] *** CFMessagePort: bootstrap_register(): failed 1100 (0x44c) 'Permission denied', port = 0xa583, name = 'com.apple.coredrag'
See /usr/include/servers/bootstrap_defs.h for the error codes.
1516020549199	Marionette	INFO	Listening on port 55308
JavaScript error: chrome://marionette/content/server.js, line 337: NS_ERROR_SOCKET_ADDRESS_IN_USE: Component returned failure code: 0x804b0036 (NS_ERROR_SOCKET_ADDRESS_IN_USE) [nsIServerSocket.initSpecialConnection]
1516020549242	Marionette	WARN	TLS certificate errors will be ignored for this session
1516020549271	Marionette	DEBUG	loaded listener.js
1516020549286	Marionette	DEBUG	Received DOM event "beforeunload" for "about:blank"
1516020564921	Marionette	DEBUG	Received DOM event "pagehide" for "about:blank"
1516020564922	Marionette	DEBUG	Received DOM event "unload" for "about:blank"
1516020574829	Marionette	DEBUG	Received DOM event "DOMContentLoaded" for "https://passport.weibo.com/visitor/visitor?entry=miniblog&a=enter&url=https%3A%2F%2Fweibo.com%2F&domain=.weibo.com&ua=php-sso_sdk_client-0.6.23&_rand=1516020556.2706"
1516020574837	Marionette	DEBUG	Received DOM event "pageshow" for "https://passport.weibo.com/visitor/visitor?entry=miniblog&a=enter&url=https%3A%2F%2Fweibo.com%2F&domain=.weibo.com&ua=php-sso_sdk_client-0.6.23&_rand=1516020556.2706"
JavaScript error: https://g.alicdn.com/kissy/k/1.4.2/seed-min.js, line 51: TypeError: i is null
JavaScript error: https://g.alicdn.com/tb/login/0.4.7/weibo/login/login.js, line 1: TypeError: KISSY.add is not a function
JavaScript error: https://login.taobao.com/member/login.jhtml?from=wbfast&style=wbfast&goto=http%3A%2F%2Fweibo.com%2Fa%2Fbind%2Flogin%3Fentry%3Dtaobao%26sid%3D3b7591501085f2d1342330135592383d, line 153: TypeError: S.getScript is not a function
1516020595150	Marionette	DEBUG	Canceled page load listener because no navigation has been detected
1516020598502	Marionette	DEBUG	Canceled page load listener because no navigation has been detected
2018-01-15 20:55:58.184 firefox-bin[4352:364753] IMKInputSession [0x11b5c4a60 presentFunctionRowItemTextInputViewWithEndpoint:completionHandler:] : [self textInputContext]=0x1101d0340 *NO* NSRemoteViewController to client, NSError=Error Domain=NSCocoaErrorDomain Code=4097 "connection from pid 0" UserInfo={NSDebugDescription=connection from pid 0}, com.apple.inputmethod.EmojiFunctionRowItem
2018-01-15 20:55:58.236 firefox-bin[4352:364753] IMKInputSession [0x11b5c4a60 presentFunctionRowItemTextInputViewWithEndpoint:completionHandler:] : [self textInputContext]=0x1101d0340 *NO* NSRemoteViewController to client, NSError=Error Domain=NSCocoaErrorDomain Code=4097 "connection from pid 0" UserInfo={NSDebugDescription=connection from pid 0}, com.apple.inputmethod.EmojiFunctionRowItem
1525761405897	geckodriver	INFO	geckodriver 0.19.0
1525761405906	geckodriver	INFO	Listening on 127.0.0.1:59623
1525761406986	mozrunner::runner	INFO	Running command: "/Applications/Firefox.app/Contents/MacOS/firefox-bin" "-marionette" "-profile" "/var/folders/nt/ccykcd0j3sqfpm01dmdb9bs40000gn/T/rust_mozprofile.M4DKw0LiC1PC"
1525761407265	addons.xpi	WARN	Error parsing extensions state: [Exception... "Component returned failure code: 0x80520012 (NS_ERROR_FILE_NOT_FOUND) [amIAddonManagerStartup.readStartupData]"  nsresult: "0x80520012 (NS_ERROR_FILE_NOT_FOUND)"  location: "JS frame :: resource://gre/modules/addons/XPIProvider.jsm :: loadExtensionState :: line 1596"  data: no] Stack trace: loadExtensionState()@resource://gre/modules/addons/XPIProvider.jsm:1596 < getInstallState()@resource://gre/modules/addons/XPIProvider.jsm:1631 < checkForChanges()@resource://gre/modules/addons/XPIProvider.jsm:3152 < startup()@resource://gre/modules/addons/XPIProvider.jsm:2246 < callProvider()@resource://gre/modules/AddonManager.jsm:271 < _startProvider()@resource://gre/modules/AddonManager.jsm:741 < startup()@resource://gre/modules/AddonManager.jsm:908 < startup()@resource://gre/modules/AddonManager.jsm:3122 < observe()@jar:file:///Applications/Firefox.app/Contents/Resources/omni.ja!/components/addonManager.js:65
1525761407618	Marionette	INFO	Enabled via --marionette
2018-05-08 14:36:48.745 plugin-container[3721:701114] *** CFMessagePort: bootstrap_register(): failed 1100 (0x44c) 'Permission denied', port = 0x7e37, name = 'com.apple.tsm.portname'
See /usr/include/servers/bootstrap_defs.h for the error codes.
2018-05-08 14:36:48.762 plugin-container[3721:701114] *** CFMessagePort: bootstrap_register(): failed 1100 (0x44c) 'Permission denied', port = 0x834f, name = 'com.apple.coredrag'
See /usr/include/servers/bootstrap_defs.h for the error codes.
1525761409220	Marionette	INFO	Listening on port 59629
JavaScript error: chrome://marionette/content/server.js, line 337: NS_ERROR_SOCKET_ADDRESS_IN_USE: Component returned failure code: 0x804b0036 (NS_ERROR_SOCKET_ADDRESS_IN_USE) [nsIServerSocket.initSpecialConnection]
1525761409295	Marionette	WARN	TLS certificate errors will be ignored for this session
1525761409325	Marionette	DEBUG	loaded listener.js
1525761409349	Marionette	DEBUG	Received DOM event "beforeunload" for "about:blank"
1525761409643	Marionette	DEBUG	Received DOM event "pagehide" for "about:blank"
1525761409643	Marionette	DEBUG	Received DOM event "unload" for "about:blank"
JavaScript error: https://ss1.bdstatic.com/5eN1bjq8AAUYm2zgoY3K/r/www/cache/static/protocol/https/plugins/every_cookie_mac_82990d4.js, line 4: ReferenceError: c is not defined
1525761409996	Marionette	DEBUG	Received DOM event "DOMContentLoaded" for "https://www.baidu.com/"
1525761410050	Marionette	DEBUG	Received DOM event "pageshow" for "https://www.baidu.com/"
JavaScript error: https://sp0.baidu.com/5a1Fazu8AA54nxGko9WTAnF6hhy/su?wd=Eric_g&json=1&p=3&sid=1446_13702_21108_26350&csor=6&pwd=Eric_&cb=jQuery1102018820737479359895_1525761409887&_=1525761409893, line 1: TypeError: jQuery1102018820737479359895_1525761409887 is not a function
JavaScript error: https://sp0.baidu.com/5a1Fazu8AA54nxGko9WTAnF6hhy/su?wd=Er&json=1&p=3&sid=1446_13702_21108_26350&csor=2&pwd=E&cb=jQuery1102018820737479359895_1525761409887&_=1525761409889, line 1: TypeError: jQuery1102018820737479359895_1525761409887 is not a function
JavaScript error: https://sp0.baidu.com/5a1Fazu8AA54nxGko9WTAnF6hhy/su?wd=Eri&json=1&p=3&sid=1446_13702_21108_26350&csor=3&pwd=Er&cb=jQuery1102018820737479359895_1525761409887&_=1525761409890, line 1: TypeError: jQuery1102018820737479359895_1525761409887 is not a function
JavaScript error: https://sp0.baidu.com/5a1Fazu8AA54nxGko9WTAnF6hhy/su?wd=Eric&json=1&p=3&sid=1446_13702_21108_26350&csor=4&pwd=Eri&cb=jQuery1102018820737479359895_1525761409887&_=1525761409891, line 1: TypeError: jQuery1102018820737479359895_1525761409887 is not a function
JavaScript error: https://sp0.baidu.com/5a1Fazu8AA54nxGko9WTAnF6hhy/su?wd=E&json=1&p=3&sid=1446_13702_21108_26350&csor=1&cb=jQuery1102018820737479359895_1525761409887&_=1525761409888, line 1: TypeError: jQuery1102018820737479359895_1525761409887 is not a function
JavaScript error: https://sp0.baidu.com/5a1Fazu8AA54nxGko9WTAnF6hhy/su?wd=Eric_&json=1&p=3&sid=1446_13702_21108_26350&csor=5&pwd=Eric&cb=jQuery1102018820737479359895_1525761409887&_=1525761409892, line 1: TypeError: jQuery1102018820737479359895_1525761409887 is not a function
JavaScript error: https://sp0.baidu.com/5a1Fazu8AA54nxGko9WTAnF6hhy/su?wd=Eric_gu&json=1&p=3&sid=1446_13702_21108_26350&csor=7&pwd=Eric_g&cb=jQuery1102018820737479359895_1525761409887&_=1525761409894, line 1: TypeError: jQuery1102018820737479359895_1525761409887 is not a function
JavaScript error: https://sp0.baidu.com/5a1Fazu8AA54nxGko9WTAnF6hhy/su?wd=Eric_guo&json=1&p=3&sid=1446_13702_21108_26350&csor=8&pwd=Eric_gu&cb=jQuery1102018820737479359895_1525761409887&_=1525761409895, line 1: TypeError: jQuery1102018820737479359895_1525761409887 is not a function
JavaScript error: https://sp0.baidu.com/5a1Fazu8AA54nxGko9WTAnF6hhy/su?wd=Eric_guod&json=1&p=3&sid=1446_13702_21108_26350&csor=9&pwd=Eric_guo&cb=jQuery1102018820737479359895_1525761409887&_=1525761409896, line 1: TypeError: jQuery1102018820737479359895_1525761409887 is not a function
JavaScript error: https://sp0.baidu.com/5a1Fazu8AA54nxGko9WTAnF6hhy/su?wd=Eric_guodo&json=1&p=3&sid=1446_13702_21108_26350&csor=10&pwd=Eric_guod&cb=jQuery1102018820737479359895_1525761409887&_=1525761409897, line 1: TypeError: jQuery1102018820737479359895_1525761409887 is not a function
JavaScript error: https://sp0.baidu.com/5a1Fazu8AA54nxGko9WTAnF6hhy/su?wd=Eric_guodon&json=1&p=3&sid=1446_13702_21108_26350&csor=11&pwd=Eric_guodo&cb=jQuery1102018820737479359895_1525761409887&_=1525761409898, line 1: TypeError: jQuery1102018820737479359895_1525761409887 is not a function
JavaScript error: https://sp0.baidu.com/5a1Fazu8AA54nxGko9WTAnF6hhy/su?wd=Eric_guodong&json=1&p=3&sid=1446_13702_21108_26350&csor=12&pwd=Eric_guodon&cb=jQuery1102018820737479359895_1525761409887&_=1525761409899, line 1: TypeError: jQuery1102018820737479359895_1525761409887 is not a function
JavaScript error: https://sp0.baidu.com/5a1Fazu8AA54nxGko9WTAnF6hhy/su?wd=Eric_guodongl&json=1&p=3&sid=1446_13702_21108_26350&csor=13&pwd=Eric_guodong&cb=jQuery1102018820737479359895_1525761409887&_=1525761409900, line 1: TypeError: jQuery1102018820737479359895_1525761409887 is not a function
JavaScript error: https://sp0.baidu.com/5a1Fazu8AA54nxGko9WTAnF6hhy/su?wd=Eric_guodongli&json=1&p=3&sid=1446_13702_21108_26350&csor=14&pwd=Eric_guodongl&cb=jQuery1102018820737479359895_1525761409887&_=1525761409901, line 1: TypeError: jQuery1102018820737479359895_1525761409887 is not a function
JavaScript error: https://sp0.baidu.com/5a1Fazu8AA54nxGko9WTAnF6hhy/su?wd=Eric_guodonglia&json=1&p=3&sid=1446_13702_21108_26350&csor=15&pwd=Eric_guodongli&cb=jQuery1102018820737479359895_1525761409887&_=1525761409902, line 1: TypeError: jQuery1102018820737479359895_1525761409887 is not a function
JavaScript error: https://sp0.baidu.com/5a1Fazu8AA54nxGko9WTAnF6hhy/su?wd=Eric_guodonglian&json=1&p=3&sid=1446_13702_21108_26350&csor=16&pwd=Eric_guodonglia&cb=jQuery1102018820737479359895_1525761409887&_=1525761409903, line 1: TypeError: jQuery1102018820737479359895_1525761409887 is not a function
JavaScript error: https://sp0.baidu.com/5a1Fazu8AA54nxGko9WTAnF6hhy/su?wd=Eric_guodongliang&json=1&p=3&sid=1446_13702_21108_26350&csor=17&pwd=Eric_guodonglian&cb=jQuery1102018820737479359895_1525761409887&_=1525761409904, line 1: TypeError: jQuery1102018820737479359895_1525761409887 is not a function
1525761507207	geckodriver	INFO	geckodriver 0.19.0
1525761507211	geckodriver	INFO	Listening on 127.0.0.1:59757
1525761508286	mozrunner::runner	INFO	Running command: "/Applications/Firefox.app/Contents/MacOS/firefox-bin" "-marionette" "-profile" "/var/folders/nt/ccykcd0j3sqfpm01dmdb9bs40000gn/T/rust_mozprofile.mjXIm5KvsC73"
1525761508509	addons.xpi	WARN	Error parsing extensions state: [Exception... "Component returned failure code: 0x80520012 (NS_ERROR_FILE_NOT_FOUND) [amIAddonManagerStartup.readStartupData]"  nsresult: "0x80520012 (NS_ERROR_FILE_NOT_FOUND)"  location: "JS frame :: resource://gre/modules/addons/XPIProvider.jsm :: loadExtensionState :: line 1596"  data: no] Stack trace: loadExtensionState()@resource://gre/modules/addons/XPIProvider.jsm:1596 < getInstallState()@resource://gre/modules/addons/XPIProvider.jsm:1631 < checkForChanges()@resource://gre/modules/addons/XPIProvider.jsm:3152 < startup()@resource://gre/modules/addons/XPIProvider.jsm:2246 < callProvider()@resource://gre/modules/AddonManager.jsm:271 < _startProvider()@resource://gre/modules/AddonManager.jsm:741 < startup()@resource://gre/modules/AddonManager.jsm:908 < startup()@resource://gre/modules/AddonManager.jsm:3122 < observe()@jar:file:///Applications/Firefox.app/Contents/Resources/omni.ja!/components/addonManager.js:65
1525761508765	Marionette	INFO	Enabled via --marionette
2018-05-08 14:38:29.851 plugin-container[3756:702481] *** CFMessagePort: bootstrap_register(): failed 1100 (0x44c) 'Permission denied', port = 0x7a37, name = 'com.apple.tsm.portname'
See /usr/include/servers/bootstrap_defs.h for the error codes.
2018-05-08 14:38:29.871 plugin-container[3756:702481] *** CFMessagePort: bootstrap_register(): failed 1100 (0x44c) 'Permission denied', port = 0x814b, name = 'com.apple.coredrag'
See /usr/include/servers/bootstrap_defs.h for the error codes.
1525761510228	Marionette	INFO	Listening on port 59763
JavaScript error: chrome://marionette/content/server.js, line 337: NS_ERROR_SOCKET_ADDRESS_IN_USE: Component returned failure code: 0x804b0036 (NS_ERROR_SOCKET_ADDRESS_IN_USE) [nsIServerSocket.initSpecialConnection]
1525761510290	Marionette	WARN	TLS certificate errors will be ignored for this session
1525761510320	Marionette	DEBUG	loaded listener.js
1525761510345	Marionette	DEBUG	Received DOM event "beforeunload" for "about:blank"
1525761510576	Marionette	DEBUG	Received DOM event "pagehide" for "about:blank"
1525761510577	Marionette	DEBUG	Received DOM event "unload" for "about:blank"
JavaScript error: https://ss1.bdstatic.com/5eN1bjq8AAUYm2zgoY3K/r/www/cache/static/protocol/https/plugins/every_cookie_mac_82990d4.js, line 4: ReferenceError: c is not defined
1525761510902	Marionette	DEBUG	Received DOM event "DOMContentLoaded" for "https://www.baidu.com/"
1525761511000	Marionette	DEBUG	Received DOM event "pageshow" for "https://www.baidu.com/"
JavaScript error: https://sp0.baidu.com/5a1Fazu8AA54nxGko9WTAnF6hhy/su?wd=seleni&json=1&p=3&sid=1457_21097_22157&csor=6&pwd=selen&cb=jQuery110203792410777363652_1525761510791&_=1525761510798, line 1: TypeError: jQuery110203792410777363652_1525761510791 is not a function
JavaScript error: https://sp0.baidu.com/5a1Fazu8AA54nxGko9WTAnF6hhy/su?wd=selen&json=1&p=3&sid=1457_21097_22157&csor=5&pwd=sele&cb=jQuery110203792410777363652_1525761510791&_=1525761510797, line 1: TypeError: jQuery110203792410777363652_1525761510791 is not a function
JavaScript error: https://sp0.baidu.com/5a1Fazu8AA54nxGko9WTAnF6hhy/su?wd=sel&json=1&p=3&sid=1457_21097_22157&csor=3&pwd=se&cb=jQuery110203792410777363652_1525761510791&_=1525761510795, line 1: TypeError: jQuery110203792410777363652_1525761510791 is not a function
JavaScript error: https://sp0.baidu.com/5a1Fazu8AA54nxGko9WTAnF6hhy/su?wd=se&json=1&p=3&sid=1457_21097_22157&csor=2&pwd=s&cb=jQuery110203792410777363652_1525761510791&_=1525761510794, line 1: TypeError: jQuery110203792410777363652_1525761510791 is not a function
JavaScript error: https://sp0.baidu.com/5a1Fazu8AA54nxGko9WTAnF6hhy/su?wd=s&json=1&p=3&sid=1457_21097_22157&csor=1&cb=jQuery110203792410777363652_1525761510791&_=1525761510793, line 1: TypeError: jQuery110203792410777363652_1525761510791 is not a function
JavaScript error: https://sp0.baidu.com/5a1Fazu8AA54nxGko9WTAnF6hhy/su?wd=sele&json=1&p=3&sid=1457_21097_22157&csor=4&pwd=sel&cb=jQuery110203792410777363652_1525761510791&_=1525761510796, line 1: TypeError: jQuery110203792410777363652_1525761510791 is not a function
JavaScript error: https://sp0.baidu.com/5a1Fazu8AA54nxGko9WTAnF6hhy/su?wd=seleniu&json=1&p=3&sid=1457_21097_22157&csor=7&pwd=seleni&cb=jQuery110203792410777363652_1525761510791&_=1525761510799, line 1: TypeError: jQuery110203792410777363652_1525761510791 is not a function
JavaScript error: https://sp0.baidu.com/5a1Fazu8AA54nxGko9WTAnF6hhy/su?wd=selenium%20&json=1&p=3&sid=1457_21097_22157&csor=9&pwd=selenium&cb=jQuery110203792410777363652_1525761510791&_=1525761510801, line 1: TypeError: jQuery110203792410777363652_1525761510791 is not a function
JavaScript error: https://sp0.baidu.com/5a1Fazu8AA54nxGko9WTAnF6hhy/su?wd=selenium&json=1&p=3&sid=1457_21097_22157&csor=8&pwd=seleniu&cb=jQuery110203792410777363652_1525761510791&_=1525761510800, line 1: TypeError: jQuery110203792410777363652_1525761510791 is not a function
JavaScript error: https://sp0.baidu.com/5a1Fazu8AA54nxGko9WTAnF6hhy/su?wd=selenium%20%2B&json=1&p=3&sid=1457_21097_22157&csor=10&pwd=selenium%20&cb=jQuery110203792410777363652_1525761510791&_=1525761510802, line 1: TypeError: jQuery110203792410777363652_1525761510791 is not a function
JavaScript error: https://sp0.baidu.com/5a1Fazu8AA54nxGko9WTAnF6hhy/su?wd=selenium%20%2B%20&json=1&p=3&sid=1457_21097_22157&csor=11&pwd=selenium%20%2B&cb=jQuery110203792410777363652_1525761510791&_=1525761510803, line 1: TypeError: jQuery110203792410777363652_1525761510791 is not a function
JavaScript error: https://sp0.baidu.com/5a1Fazu8AA54nxGko9WTAnF6hhy/su?wd=selenium%20%2B%20p&json=1&p=3&sid=1457_21097_22157&csor=12&pwd=selenium%20%2B%20&cb=jQuery110203792410777363652_1525761510791&_=1525761510804, line 1: TypeError: jQuery110203792410777363652_1525761510791 is not a function
JavaScript error: https://sp0.baidu.com/5a1Fazu8AA54nxGko9WTAnF6hhy/su?wd=selenium%20%2B%20pyt&json=1&p=3&sid=1457_21097_22157&csor=14&pwd=selenium%20%2B%20py&cb=jQuery110203792410777363652_1525761510791&_=1525761510806, line 1: TypeError: jQuery110203792410777363652_1525761510791 is not a function
JavaScript error: https://sp0.baidu.com/5a1Fazu8AA54nxGko9WTAnF6hhy/su?wd=selenium%20%2B%20py&json=1&p=3&sid=1457_21097_22157&csor=13&pwd=selenium%20%2B%20p&cb=jQuery110203792410777363652_1525761510791&_=1525761510805, line 1: TypeError: jQuery110203792410777363652_1525761510791 is not a function
JavaScript error: https://sp0.baidu.com/5a1Fazu8AA54nxGko9WTAnF6hhy/su?wd=selenium%20%2B%20pyth&json=1&p=3&sid=1457_21097_22157&csor=15&pwd=selenium%20%2B%20pyt&cb=jQuery110203792410777363652_1525761510791&_=1525761510807, line 1: TypeError: jQuery110203792410777363652_1525761510791 is not a function
JavaScript error: https://sp0.baidu.com/5a1Fazu8AA54nxGko9WTAnF6hhy/su?wd=selenium%20%2B%20pytho&json=1&p=3&sid=1457_21097_22157&csor=16&pwd=selenium%20%2B%20pyth&cb=jQuery110203792410777363652_1525761510791&_=1525761510808, line 1: TypeError: jQuery110203792410777363652_1525761510791 is not a function
JavaScript error: https://sp0.baidu.com/5a1Fazu8AA54nxGko9WTAnF6hhy/su?wd=selenium%20%2B%20python&json=1&p=3&sid=1457_21097_22157&csor=17&pwd=selenium%20%2B%20pytho&cb=jQuery110203792410777363652_1525761510791&_=1525761510809, line 1: TypeError: jQuery110203792410777363652_1525761510791 is not a function
1525761511402	Marionette	DEBUG	Canceled page load listener because no navigation has been detected
1525761544230	geckodriver	INFO	geckodriver 0.19.0
1525761544233	geckodriver	INFO	Listening on 127.0.0.1:59879
1525761545302	mozrunner::runner	INFO	Running command: "/Applications/Firefox.app/Contents/MacOS/firefox-bin" "-marionette" "-profile" "/var/folders/nt/ccykcd0j3sqfpm01dmdb9bs40000gn/T/rust_mozprofile.uFOUy5CHFkkT"
1525761545515	addons.xpi	WARN	Error parsing extensions state: [Exception... "Component returned failure code: 0x80520012 (NS_ERROR_FILE_NOT_FOUND) [amIAddonManagerStartup.readStartupData]"  nsresult: "0x80520012 (NS_ERROR_FILE_NOT_FOUND)"  location: "JS frame :: resource://gre/modules/addons/XPIProvider.jsm :: loadExtensionState :: line 1596"  data: no] Stack trace: loadExtensionState()@resource://gre/modules/addons/XPIProvider.jsm:1596 < getInstallState()@resource://gre/modules/addons/XPIProvider.jsm:1631 < checkForChanges()@resource://gre/modules/addons/XPIProvider.jsm:3152 < startup()@resource://gre/modules/addons/XPIProvider.jsm:2246 < callProvider()@resource://gre/modules/AddonManager.jsm:271 < _startProvider()@resource://gre/modules/AddonManager.jsm:741 < startup()@resource://gre/modules/AddonManager.jsm:908 < startup()@resource://gre/modules/AddonManager.jsm:3122 < observe()@jar:file:///Applications/Firefox.app/Contents/Resources/omni.ja!/components/addonManager.js:65
1525761545862	Marionette	INFO	Enabled via --marionette
2018-05-08 14:39:07.060 plugin-container[3780:703095] *** CFMessagePort: bootstrap_register(): failed 1100 (0x44c) 'Permission denied', port = 0x7d37, name = 'com.apple.tsm.portname'
See /usr/include/servers/bootstrap_defs.h for the error codes.
2018-05-08 14:39:07.076 plugin-container[3780:703095] *** CFMessagePort: bootstrap_register(): failed 1100 (0x44c) 'Permission denied', port = 0x7d3b, name = 'com.apple.coredrag'
See /usr/include/servers/bootstrap_defs.h for the error codes.
1525761547294	Marionette	INFO	Listening on port 59885
JavaScript error: chrome://marionette/content/server.js, line 337: NS_ERROR_SOCKET_ADDRESS_IN_USE: Component returned failure code: 0x804b0036 (NS_ERROR_SOCKET_ADDRESS_IN_USE) [nsIServerSocket.initSpecialConnection]
1525761547398	Marionette	WARN	TLS certificate errors will be ignored for this session
1525761547430	Marionette	DEBUG	loaded listener.js
1525761547463	Marionette	DEBUG	Received DOM event "beforeunload" for "about:blank"
1525761547737	Marionette	DEBUG	Received DOM event "pagehide" for "about:blank"
1525761547738	Marionette	DEBUG	Received DOM event "unload" for "about:blank"
JavaScript error: https://ss1.bdstatic.com/5eN1bjq8AAUYm2zgoY3K/r/www/cache/static/protocol/https/plugins/every_cookie_mac_82990d4.js, line 4: ReferenceError: c is not defined
1525761548139	Marionette	DEBUG	Received DOM event "DOMContentLoaded" for "https://www.baidu.com/"
1525761548222	Marionette	DEBUG	Received DOM event "pageshow" for "https://www.baidu.com/"
JavaScript error: https://sp0.baidu.com/5a1Fazu8AA54nxGko9WTAnF6hhy/su?wd=se&json=1&p=3&sid=1431_21110_26350_26184_20929&csor=2&pwd=s&cb=jQuery110207611209608906909_1525761548009&_=1525761548012, line 1: TypeError: jQuery110207611209608906909_1525761548009 is not a function
JavaScript error: https://sp0.baidu.com/5a1Fazu8AA54nxGko9WTAnF6hhy/su?wd=s&json=1&p=3&sid=1431_21110_26350_26184_20929&csor=1&cb=jQuery110207611209608906909_1525761548009&_=1525761548011, line 1: TypeError: jQuery110207611209608906909_1525761548009 is not a function
JavaScript error: https://sp0.baidu.com/5a1Fazu8AA54nxGko9WTAnF6hhy/su?wd=sel&json=1&p=3&sid=1431_21110_26350_26184_20929&csor=3&pwd=se&cb=jQuery110207611209608906909_1525761548009&_=1525761548013, line 1: TypeError: jQuery110207611209608906909_1525761548009 is not a function
JavaScript error: https://sp0.baidu.com/5a1Fazu8AA54nxGko9WTAnF6hhy/su?wd=seleni&json=1&p=3&sid=1431_21110_26350_26184_20929&csor=6&pwd=selen&cb=jQuery110207611209608906909_1525761548009&_=1525761548016, line 1: TypeError: jQuery110207611209608906909_1525761548009 is not a function
JavaScript error: https://sp0.baidu.com/5a1Fazu8AA54nxGko9WTAnF6hhy/su?wd=sele&json=1&p=3&sid=1431_21110_26350_26184_20929&csor=4&pwd=sel&cb=jQuery110207611209608906909_1525761548009&_=1525761548014, line 1: TypeError: jQuery110207611209608906909_1525761548009 is not a function
JavaScript error: https://sp0.baidu.com/5a1Fazu8AA54nxGko9WTAnF6hhy/su?wd=selen&json=1&p=3&sid=1431_21110_26350_26184_20929&csor=5&pwd=sele&cb=jQuery110207611209608906909_1525761548009&_=1525761548015, line 1: TypeError: jQuery110207611209608906909_1525761548009 is not a function
JavaScript error: https://sp0.baidu.com/5a1Fazu8AA54nxGko9WTAnF6hhy/su?wd=seleniu&json=1&p=3&sid=1431_21110_26350_26184_20929&csor=7&pwd=seleni&cb=jQuery110207611209608906909_1525761548009&_=1525761548017, line 1: TypeError: jQuery110207611209608906909_1525761548009 is not a function
JavaScript error: https://sp0.baidu.com/5a1Fazu8AA54nxGko9WTAnF6hhy/su?wd=selenium&json=1&p=3&sid=1431_21110_26350_26184_20929&csor=8&pwd=seleniu&cb=jQuery110207611209608906909_1525761548009&_=1525761548018, line 1: TypeError: jQuery110207611209608906909_1525761548009 is not a function
JavaScript error: https://sp0.baidu.com/5a1Fazu8AA54nxGko9WTAnF6hhy/su?wd=selenium%20%2B&json=1&p=3&sid=1431_21110_26350_26184_20929&csor=10&pwd=selenium%20&cb=jQuery110207611209608906909_1525761548009&_=1525761548020, line 1: TypeError: jQuery110207611209608906909_1525761548009 is not a function
JavaScript error: https://sp0.baidu.com/5a1Fazu8AA54nxGko9WTAnF6hhy/su?wd=selenium%20&json=1&p=3&sid=1431_21110_26350_26184_20929&csor=9&pwd=selenium&cb=jQuery110207611209608906909_1525761548009&_=1525761548019, line 1: TypeError: jQuery110207611209608906909_1525761548009 is not a function
JavaScript error: https://sp0.baidu.com/5a1Fazu8AA54nxGko9WTAnF6hhy/su?wd=selenium%20%2B%20&json=1&p=3&sid=1431_21110_26350_26184_20929&csor=11&pwd=selenium%20%2B&cb=jQuery110207611209608906909_1525761548009&_=1525761548021, line 1: TypeError: jQuery110207611209608906909_1525761548009 is not a function
JavaScript error: https://sp0.baidu.com/5a1Fazu8AA54nxGko9WTAnF6hhy/su?wd=selenium%20%2B%20p&json=1&p=3&sid=1431_21110_26350_26184_20929&csor=12&pwd=selenium%20%2B%20&cb=jQuery110207611209608906909_1525761548009&_=1525761548022, line 1: TypeError: jQuery110207611209608906909_1525761548009 is not a function
JavaScript error: https://sp0.baidu.com/5a1Fazu8AA54nxGko9WTAnF6hhy/su?wd=selenium%20%2B%20py&json=1&p=3&sid=1431_21110_26350_26184_20929&csor=13&pwd=selenium%20%2B%20p&cb=jQuery110207611209608906909_1525761548009&_=1525761548023, line 1: TypeError: jQuery110207611209608906909_1525761548009 is not a function
JavaScript error: https://sp0.baidu.com/5a1Fazu8AA54nxGko9WTAnF6hhy/su?wd=selenium%20%2B%20pyt&json=1&p=3&sid=1431_21110_26350_26184_20929&csor=14&pwd=selenium%20%2B%20py&cb=jQuery110207611209608906909_1525761548009&_=1525761548024, line 1: TypeError: jQuery110207611209608906909_1525761548009 is not a function
JavaScript error: https://sp0.baidu.com/5a1Fazu8AA54nxGko9WTAnF6hhy/su?wd=selenium%20%2B%20pyth&json=1&p=3&sid=1431_21110_26350_26184_20929&csor=15&pwd=selenium%20%2B%20pyt&cb=jQuery110207611209608906909_1525761548009&_=1525761548025, line 1: TypeError: jQuery110207611209608906909_1525761548009 is not a function
JavaScript error: https://sp0.baidu.com/5a1Fazu8AA54nxGko9WTAnF6hhy/su?wd=selenium%20%2B%20pytho&json=1&p=3&sid=1431_21110_26350_26184_20929&csor=16&pwd=selenium%20%2B%20pyth&cb=jQuery110207611209608906909_1525761548009&_=1525761548026, line 1: TypeError: jQuery110207611209608906909_1525761548009 is not a function
JavaScript error: https://sp0.baidu.com/5a1Fazu8AA54nxGko9WTAnF6hhy/su?wd=selenium%20%2B%20python&json=1&p=3&sid=1431_21110_26350_26184_20929&csor=17&pwd=selenium%20%2B%20pytho&cb=jQuery110207611209608906909_1525761548009&_=1525761548027, line 1: TypeError: jQuery110207611209608906909_1525761548009 is not a function
1525761548657	Marionette	DEBUG	Canceled page load listener because no navigation has been detected
2018-05-08 14:40:39.899 firefox-bin[3720:700999] IMKInputSession [0x1170358f0 presentFunctionRowItemTextInputViewWithEndpoint:completionHandler:] : [self textInputContext]=0x1160aca60 *NO* NSRemoteViewController to client, NSError=Error Domain=NSCocoaErrorDomain Code=4097 "connection from pid 0" UserInfo={NSDebugDescription=connection from pid 0}, com.apple.inputmethod.EmojiFunctionRowItem
2018-05-08 14:41:05.855 firefox-bin[3755:702363] IMKInputSession [0x122c9b980 presentFunctionRowItemTextInputViewWithEndpoint:completionHandler:] : [self textInputContext]=0x1236d0a60 *NO* NSRemoteViewController to client, NSError=Error Domain=NSCocoaErrorDomain Code=4097 "connection from pid 0" UserInfo={NSDebugDescription=connection from pid 0}, com.apple.inputmethod.EmojiFunctionRowItem
2018-05-08 14:41:06.057 firefox-bin[3755:702363] IMKInputSession [0x122c9b980 presentFunctionRowItemTextInputViewWithEndpoint:completionHandler:] : [self textInputContext]=0x1236d0a60 *NO* NSRemoteViewController to client, NSError=Error Domain=NSCocoaErrorDomain Code=4097 "connection from pid 0" UserInfo={NSDebugDescription=connection from pid 0}, com.apple.inputmethod.EmojiFunctionRowItem
2018-05-08 14:41:06.071 plugin-container[3804:704497] *** CFMessagePort: bootstrap_register(): failed 1100 (0x44c) 'Permission denied', port = 0x8137, name = 'com.apple.tsm.portname'
See /usr/include/servers/bootstrap_defs.h for the error codes.
2018-05-08 14:41:06.093 plugin-container[3804:704497] *** CFMessagePort: bootstrap_register(): failed 1100 (0x44c) 'Permission denied', port = 0x811b, name = 'com.apple.coredrag'
See /usr/include/servers/bootstrap_defs.h for the error codes.
2018-05-08 14:41:09.066 firefox-bin[3779:702966] IMKInputSession [0x1263f4670 presentFunctionRowItemTextInputViewWithEndpoint:completionHandler:] : [self textInputContext]=0x12397cc40 *NO* NSRemoteViewController to client, NSError=Error Domain=NSCocoaErrorDomain Code=4097 "connection from pid 0" UserInfo={NSDebugDescription=connection from pid 0}, com.apple.inputmethod.EmojiFunctionRowItem
2018-05-08 14:41:09.220 firefox-bin[3779:702966] IMKInputSession [0x1263f4670 presentFunctionRowItemTextInputViewWithEndpoint:completionHandler:] : [self textInputContext]=0x12397cc40 *NO* NSRemoteViewController to client, NSError=Error Domain=NSCocoaErrorDomain Code=4097 "connection from pid 0" UserInfo={NSDebugDescription=connection from pid 0}, com.apple.inputmethod.EmojiFunctionRowItem
2018-05-08 14:41:09.372 plugin-container[3805:704572] *** CFMessagePort: bootstrap_register(): failed 1100 (0x44c) 'Permission denied', port = 0x853b, name = 'com.apple.tsm.portname'
See /usr/include/servers/bootstrap_defs.h for the error codes.
2018-05-08 14:41:09.391 plugin-container[3805:704572] *** CFMessagePort: bootstrap_register(): failed 1100 (0x44c) 'Permission denied', port = 0x85a3, name = 'com.apple.coredrag'
See /usr/include/servers/bootstrap_defs.h for the error codes.
1525764738520	geckodriver	INFO	geckodriver 0.19.0
1525764738525	geckodriver	INFO	Listening on 127.0.0.1:61950
1525764739638	mozrunner::runner	INFO	Running command: "/Applications/Firefox.app/Contents/MacOS/firefox-bin" "-marionette" "-profile" "/var/folders/nt/ccykcd0j3sqfpm01dmdb9bs40000gn/T/rust_mozprofile.syYbYbmwJajT"
1525764739936	addons.xpi	WARN	Error parsing extensions state: [Exception... "Component returned failure code: 0x80520012 (NS_ERROR_FILE_NOT_FOUND) [amIAddonManagerStartup.readStartupData]"  nsresult: "0x80520012 (NS_ERROR_FILE_NOT_FOUND)"  location: "JS frame :: resource://gre/modules/addons/XPIProvider.jsm :: loadExtensionState :: line 1596"  data: no] Stack trace: loadExtensionState()@resource://gre/modules/addons/XPIProvider.jsm:1596 < getInstallState()@resource://gre/modules/addons/XPIProvider.jsm:1631 < checkForChanges()@resource://gre/modules/addons/XPIProvider.jsm:3152 < startup()@resource://gre/modules/addons/XPIProvider.jsm:2246 < callProvider()@resource://gre/modules/AddonManager.jsm:271 < _startProvider()@resource://gre/modules/AddonManager.jsm:741 < startup()@resource://gre/modules/AddonManager.jsm:908 < startup()@resource://gre/modules/AddonManager.jsm:3122 < observe()@jar:file:///Applications/Firefox.app/Contents/Resources/omni.ja!/components/addonManager.js:65
1525764740406	Marionette	INFO	Enabled via --marionette
2018-05-08 15:32:21.920 plugin-container[4015:732420] *** CFMessagePort: bootstrap_register(): failed 1100 (0x44c) 'Permission denied', port = 0x7c37, name = 'com.apple.tsm.portname'
See /usr/include/servers/bootstrap_defs.h for the error codes.
2018-05-08 15:32:21.978 plugin-container[4015:732420] *** CFMessagePort: bootstrap_register(): failed 1100 (0x44c) 'Permission denied', port = 0x7c93, name = 'com.apple.coredrag'
See /usr/include/servers/bootstrap_defs.h for the error codes.
1525764742467	Marionette	INFO	Listening on port 61957
JavaScript error: chrome://marionette/content/server.js, line 337: NS_ERROR_SOCKET_ADDRESS_IN_USE: Component returned failure code: 0x804b0036 (NS_ERROR_SOCKET_ADDRESS_IN_USE) [nsIServerSocket.initSpecialConnection]
1525764742540	Marionette	WARN	TLS certificate errors will be ignored for this session
1525764742582	Marionette	DEBUG	loaded listener.js
1525764742604	Marionette	DEBUG	Received DOM event "beforeunload" for "about:blank"
1525764742896	Marionette	DEBUG	Received DOM event "pagehide" for "about:blank"
1525764742897	Marionette	DEBUG	Received DOM event "unload" for "about:blank"
JavaScript error: https://ss1.bdstatic.com/5eN1bjq8AAUYm2zgoY3K/r/www/cache/static/protocol/https/plugins/every_cookie_mac_82990d4.js, line 4: ReferenceError: c is not defined
1525764743501	Marionette	DEBUG	Received DOM event "DOMContentLoaded" for "https://www.baidu.com/"
1525764743601	Marionette	DEBUG	Received DOM event "pageshow" for "https://www.baidu.com/"
JavaScript error: https://sp0.baidu.com/5a1Fazu8AA54nxGko9WTAnF6hhy/su?wd=sele&json=1&p=3&sid=1448_21115_22075&csor=4&pwd=sel&cb=jQuery11020012438997885930725_1525764743286&_=1525764743291, line 1: TypeError: jQuery11020012438997885930725_1525764743286 is not a function
JavaScript error: https://sp0.baidu.com/5a1Fazu8AA54nxGko9WTAnF6hhy/su?wd=sel&json=1&p=3&sid=1448_21115_22075&csor=3&pwd=se&cb=jQuery11020012438997885930725_1525764743286&_=1525764743290, line 1: TypeError: jQuery11020012438997885930725_1525764743286 is not a function
JavaScript error: https://sp0.baidu.com/5a1Fazu8AA54nxGko9WTAnF6hhy/su?wd=se&json=1&p=3&sid=1448_21115_22075&csor=2&pwd=s&cb=jQuery11020012438997885930725_1525764743286&_=1525764743289, line 1: TypeError: jQuery11020012438997885930725_1525764743286 is not a function
JavaScript error: https://sp0.baidu.com/5a1Fazu8AA54nxGko9WTAnF6hhy/su?wd=s&json=1&p=3&sid=1448_21115_22075&csor=1&cb=jQuery11020012438997885930725_1525764743286&_=1525764743288, line 1: TypeError: jQuery11020012438997885930725_1525764743286 is not a function
JavaScript error: https://sp0.baidu.com/5a1Fazu8AA54nxGko9WTAnF6hhy/su?wd=seleni&json=1&p=3&sid=1448_21115_22075&csor=6&pwd=selen&cb=jQuery11020012438997885930725_1525764743286&_=1525764743293, line 1: TypeError: jQuery11020012438997885930725_1525764743286 is not a function
JavaScript error: https://sp0.baidu.com/5a1Fazu8AA54nxGko9WTAnF6hhy/su?wd=selen&json=1&p=3&sid=1448_21115_22075&csor=5&pwd=sele&cb=jQuery11020012438997885930725_1525764743286&_=1525764743292, line 1: TypeError: jQuery11020012438997885930725_1525764743286 is not a function
JavaScript error: https://sp0.baidu.com/5a1Fazu8AA54nxGko9WTAnF6hhy/su?wd=seleniu&json=1&p=3&sid=1448_21115_22075&csor=7&pwd=seleni&cb=jQuery11020012438997885930725_1525764743286&_=1525764743294, line 1: TypeError: jQuery11020012438997885930725_1525764743286 is not a function
JavaScript error: https://sp0.baidu.com/5a1Fazu8AA54nxGko9WTAnF6hhy/su?wd=selenium&json=1&p=3&sid=1448_21115_22075&csor=8&pwd=seleniu&cb=jQuery11020012438997885930725_1525764743286&_=1525764743295, line 1: TypeError: jQuery11020012438997885930725_1525764743286 is not a function
JavaScript error: https://sp0.baidu.com/5a1Fazu8AA54nxGko9WTAnF6hhy/su?wd=selenium%20%2B%20p&json=1&p=3&sid=1448_21115_22075&csor=12&pwd=selenium%20%2B%20&cb=jQuery11020012438997885930725_1525764743286&_=1525764743299, line 1: TypeError: jQuery11020012438997885930725_1525764743286 is not a function
JavaScript error: https://sp0.baidu.com/5a1Fazu8AA54nxGko9WTAnF6hhy/su?wd=selenium%20%2B%20py&json=1&p=3&sid=1448_21115_22075&csor=13&pwd=selenium%20%2B%20p&cb=jQuery11020012438997885930725_1525764743286&_=1525764743300, line 1: TypeError: jQuery11020012438997885930725_1525764743286 is not a function
JavaScript error: https://sp0.baidu.com/5a1Fazu8AA54nxGko9WTAnF6hhy/su?wd=selenium%20&json=1&p=3&sid=1448_21115_22075&csor=9&pwd=selenium&cb=jQuery11020012438997885930725_1525764743286&_=1525764743296, line 1: TypeError: jQuery11020012438997885930725_1525764743286 is not a function
JavaScript error: https://sp0.baidu.com/5a1Fazu8AA54nxGko9WTAnF6hhy/su?wd=selenium%20%2B&json=1&p=3&sid=1448_21115_22075&csor=10&pwd=selenium%20&cb=jQuery11020012438997885930725_1525764743286&_=1525764743297, line 1: TypeError: jQuery11020012438997885930725_1525764743286 is not a function
JavaScript error: https://sp0.baidu.com/5a1Fazu8AA54nxGko9WTAnF6hhy/su?wd=selenium%20%2B%20&json=1&p=3&sid=1448_21115_22075&csor=11&pwd=selenium%20%2B&cb=jQuery11020012438997885930725_1525764743286&_=1525764743298, line 1: TypeError: jQuery11020012438997885930725_1525764743286 is not a function
JavaScript error: https://sp0.baidu.com/5a1Fazu8AA54nxGko9WTAnF6hhy/su?wd=selenium%20%2B%20pyt&json=1&p=3&sid=1448_21115_22075&csor=14&pwd=selenium%20%2B%20py&cb=jQuery11020012438997885930725_1525764743286&_=1525764743301, line 1: TypeError: jQuery11020012438997885930725_1525764743286 is not a function
JavaScript error: https://sp0.baidu.com/5a1Fazu8AA54nxGko9WTAnF6hhy/su?wd=selenium%20%2B%20pytho&json=1&p=3&sid=1448_21115_22075&csor=16&pwd=selenium%20%2B%20pyth&cb=jQuery11020012438997885930725_1525764743286&_=1525764743303, line 1: TypeError: jQuery11020012438997885930725_1525764743286 is not a function
JavaScript error: https://sp0.baidu.com/5a1Fazu8AA54nxGko9WTAnF6hhy/su?wd=selenium%20%2B%20python&json=1&p=3&sid=1448_21115_22075&csor=17&pwd=selenium%20%2B%20pytho&cb=jQuery11020012438997885930725_1525764743286&_=1525764743304, line 1: TypeError: jQuery11020012438997885930725_1525764743286 is not a function
JavaScript error: https://sp0.baidu.com/5a1Fazu8AA54nxGko9WTAnF6hhy/su?wd=selenium%20%2B%20pyth&json=1&p=3&sid=1448_21115_22075&csor=15&pwd=selenium%20%2B%20pyt&cb=jQuery11020012438997885930725_1525764743286&_=1525764743302, line 1: TypeError: jQuery11020012438997885930725_1525764743286 is not a function
1525764744254	Marionette	DEBUG	Canceled page load listener because no navigation has been detected
2018-05-08 15:32:27.701 firefox-bin[4014:732324] IMKInputSession [0x11d8af310 presentFunctionRowItemTextInputViewWithEndpoint:completionHandler:] : [self textInputContext]=0x111cb5640 *NO* NSRemoteViewController to client, NSError=Error Domain=NSCocoaErrorDomain Code=4097 "connection from pid 0" UserInfo={NSDebugDescription=connection from pid 0}, com.apple.inputmethod.EmojiFunctionRowItem
1525764757387	geckodriver	INFO	geckodriver 0.19.0
1525764757392	geckodriver	INFO	Listening on 127.0.0.1:62079
1525764757544	mozrunner::runner	INFO	Running command: "/Applications/Firefox.app/Contents/MacOS/firefox-bin" "-marionette" "-profile" "/var/folders/nt/ccykcd0j3sqfpm01dmdb9bs40000gn/T/rust_mozprofile.UJzZ1lngeLLc"
1525764757847	addons.xpi	WARN	Error parsing extensions state: [Exception... "Component returned failure code: 0x80520012 (NS_ERROR_FILE_NOT_FOUND) [amIAddonManagerStartup.readStartupData]"  nsresult: "0x80520012 (NS_ERROR_FILE_NOT_FOUND)"  location: "JS frame :: resource://gre/modules/addons/XPIProvider.jsm :: loadExtensionState :: line 1596"  data: no] Stack trace: loadExtensionState()@resource://gre/modules/addons/XPIProvider.jsm:1596 < getInstallState()@resource://gre/modules/addons/XPIProvider.jsm:1631 < checkForChanges()@resource://gre/modules/addons/XPIProvider.jsm:3152 < startup()@resource://gre/modules/addons/XPIProvider.jsm:2246 < callProvider()@resource://gre/modules/AddonManager.jsm:271 < _startProvider()@resource://gre/modules/AddonManager.jsm:741 < startup()@resource://gre/modules/AddonManager.jsm:908 < startup()@resource://gre/modules/AddonManager.jsm:3122 < observe()@jar:file:///Applications/Firefox.app/Contents/Resources/omni.ja!/components/addonManager.js:65
1525764758610	Marionette	INFO	Enabled via --marionette
2018-05-08 15:32:40.380 plugin-container[4022:732860] *** CFMessagePort: bootstrap_register(): failed 1100 (0x44c) 'Permission denied', port = 0x793b, name = 'com.apple.tsm.portname'
See /usr/include/servers/bootstrap_defs.h for the error codes.
2018-05-08 15:32:40.405 plugin-container[4022:732860] *** CFMessagePort: bootstrap_register(): failed 1100 (0x44c) 'Permission denied', port = 0x799b, name = 'com.apple.coredrag'
See /usr/include/servers/bootstrap_defs.h for the error codes.
1525764760679	Marionette	INFO	Listening on port 62084
1525764760702	Marionette	WARN	TLS certificate errors will be ignored for this session
JavaScript error: chrome://marionette/content/server.js, line 337: NS_ERROR_SOCKET_ADDRESS_IN_USE: Component returned failure code: 0x804b0036 (NS_ERROR_SOCKET_ADDRESS_IN_USE) [nsIServerSocket.initSpecialConnection]
1525764760751	Marionette	DEBUG	loaded listener.js
1525764760792	Marionette	DEBUG	Received DOM event "beforeunload" for "about:blank"
1525764761073	Marionette	DEBUG	Received DOM event "pagehide" for "about:blank"
1525764761414	Marionette	DEBUG	Received DOM event "unload" for "about:blank"
JavaScript error: https://ss1.bdstatic.com/5eN1bjq8AAUYm2zgoY3K/r/www/cache/static/protocol/https/plugins/every_cookie_mac_82990d4.js, line 4: ReferenceError: c is not defined
1525764761928	Marionette	DEBUG	Received DOM event "DOMContentLoaded" for "https://www.baidu.com/"
2018-05-08 15:32:42.203 firefox-bin[4020:732676] IMKInputSession [0x1384be820 presentFunctionRowItemTextInputViewWithEndpoint:completionHandler:] : [self textInputContext]=0x1380d2580 *NO* NSRemoteViewController to client, NSError=Error Domain=NSCocoaErrorDomain Code=4097 "connection from pid 0" UserInfo={NSDebugDescription=connection from pid 0}, com.apple.inputmethod.EmojiFunctionRowItem
1525764762232	Marionette	DEBUG	Received DOM event "pageshow" for "https://www.baidu.com/"
2018-05-08 15:32:42.333 firefox-bin[4020:732676] IMKInputSession [0x1384be820 presentFunctionRowItemTextInputViewWithEndpoint:completionHandler:] : [self textInputContext]=0x1380d2580 *NO* NSRemoteViewController to client, NSError=Error Domain=NSCocoaErrorDomain Code=4097 "connection from pid 0" UserInfo={NSDebugDescription=connection from pid 0}, com.apple.inputmethod.EmojiFunctionRowItem
JavaScript error: https://sp0.baidu.com/5a1Fazu8AA54nxGko9WTAnF6hhy/su?wd=s&json=1&p=3&sid=1460_21117_18559_26181&csor=1&cb=jQuery11020004040168008794587_1525764761810&_=1525764761812, line 1: TypeError: jQuery11020004040168008794587_1525764761810 is not a function
JavaScript error: https://sp0.baidu.com/5a1Fazu8AA54nxGko9WTAnF6hhy/su?wd=se&json=1&p=3&sid=1460_21117_18559_26181&csor=2&pwd=s&cb=jQuery11020004040168008794587_1525764761810&_=1525764761813, line 1: TypeError: jQuery11020004040168008794587_1525764761810 is not a function
JavaScript error: https://sp0.baidu.com/5a1Fazu8AA54nxGko9WTAnF6hhy/su?wd=sele&json=1&p=3&sid=1460_21117_18559_26181&csor=4&pwd=sel&cb=jQuery11020004040168008794587_1525764761810&_=1525764761815, line 1: TypeError: jQuery11020004040168008794587_1525764761810 is not a function
JavaScript error: https://sp0.baidu.com/5a1Fazu8AA54nxGko9WTAnF6hhy/su?wd=sel&json=1&p=3&sid=1460_21117_18559_26181&csor=3&pwd=se&cb=jQuery11020004040168008794587_1525764761810&_=1525764761814, line 1: TypeError: jQuery11020004040168008794587_1525764761810 is not a function
JavaScript error: https://sp0.baidu.com/5a1Fazu8AA54nxGko9WTAnF6hhy/su?wd=seleni&json=1&p=3&sid=1460_21117_18559_26181&csor=6&pwd=selen&cb=jQuery11020004040168008794587_1525764761810&_=1525764761817, line 1: TypeError: jQuery11020004040168008794587_1525764761810 is not a function
JavaScript error: https://sp0.baidu.com/5a1Fazu8AA54nxGko9WTAnF6hhy/su?wd=selen&json=1&p=3&sid=1460_21117_18559_26181&csor=5&pwd=sele&cb=jQuery11020004040168008794587_1525764761810&_=1525764761816, line 1: TypeError: jQuery11020004040168008794587_1525764761810 is not a function
JavaScript error: https://sp0.baidu.com/5a1Fazu8AA54nxGko9WTAnF6hhy/su?wd=seleniu&json=1&p=3&sid=1460_21117_18559_26181&csor=7&pwd=seleni&cb=jQuery11020004040168008794587_1525764761810&_=1525764761818, line 1: TypeError: jQuery11020004040168008794587_1525764761810 is not a function
JavaScript error: https://sp0.baidu.com/5a1Fazu8AA54nxGko9WTAnF6hhy/su?wd=selenium&json=1&p=3&sid=1460_21117_18559_26181&csor=8&pwd=seleniu&cb=jQuery11020004040168008794587_1525764761810&_=1525764761819, line 1: TypeError: jQuery11020004040168008794587_1525764761810 is not a function
JavaScript error: https://sp0.baidu.com/5a1Fazu8AA54nxGko9WTAnF6hhy/su?wd=selenium%20&json=1&p=3&sid=1460_21117_18559_26181&csor=9&pwd=selenium&cb=jQuery11020004040168008794587_1525764761810&_=1525764761820, line 1: TypeError: jQuery11020004040168008794587_1525764761810 is not a function
JavaScript error: https://sp0.baidu.com/5a1Fazu8AA54nxGko9WTAnF6hhy/su?wd=selenium%20%2B&json=1&p=3&sid=1460_21117_18559_26181&csor=10&pwd=selenium%20&cb=jQuery11020004040168008794587_1525764761810&_=1525764761821, line 1: TypeError: jQuery11020004040168008794587_1525764761810 is not a function
JavaScript error: https://sp0.baidu.com/5a1Fazu8AA54nxGko9WTAnF6hhy/su?wd=selenium%20%2B%20&json=1&p=3&sid=1460_21117_18559_26181&csor=11&pwd=selenium%20%2B&cb=jQuery11020004040168008794587_1525764761810&_=1525764761822, line 1: TypeError: jQuery11020004040168008794587_1525764761810 is not a function
JavaScript error: https://sp0.baidu.com/5a1Fazu8AA54nxGko9WTAnF6hhy/su?wd=selenium%20%2B%20p&json=1&p=3&sid=1460_21117_18559_26181&csor=12&pwd=selenium%20%2B%20&cb=jQuery11020004040168008794587_1525764761810&_=1525764761823, line 1: TypeError: jQuery11020004040168008794587_1525764761810 is not a function
JavaScript error: https://sp0.baidu.com/5a1Fazu8AA54nxGko9WTAnF6hhy/su?wd=selenium%20%2B%20py&json=1&p=3&sid=1460_21117_18559_26181&csor=13&pwd=selenium%20%2B%20p&cb=jQuery11020004040168008794587_1525764761810&_=1525764761824, line 1: TypeError: jQuery11020004040168008794587_1525764761810 is not a function
JavaScript error: https://sp0.baidu.com/5a1Fazu8AA54nxGko9WTAnF6hhy/su?wd=selenium%20%2B%20pyt&json=1&p=3&sid=1460_21117_18559_26181&csor=14&pwd=selenium%20%2B%20py&cb=jQuery11020004040168008794587_1525764761810&_=1525764761825, line 1: TypeError: jQuery11020004040168008794587_1525764761810 is not a function
JavaScript error: https://sp0.baidu.com/5a1Fazu8AA54nxGko9WTAnF6hhy/su?wd=selenium%20%2B%20pytho&json=1&p=3&sid=1460_21117_18559_26181&csor=16&pwd=selenium%20%2B%20pyth&cb=jQuery11020004040168008794587_1525764761810&_=1525764761827, line 1: TypeError: jQuery11020004040168008794587_1525764761810 is not a function
JavaScript error: https://sp0.baidu.com/5a1Fazu8AA54nxGko9WTAnF6hhy/su?wd=selenium%20%2B%20pyth&json=1&p=3&sid=1460_21117_18559_26181&csor=15&pwd=selenium%20%2B%20pyt&cb=jQuery11020004040168008794587_1525764761810&_=1525764761826, line 1: TypeError: jQuery11020004040168008794587_1525764761810 is not a function
1525764762886	Marionette	DEBUG	Canceled page load listener because no navigation has been detected
JavaScript error: https://sp0.baidu.com/5a1Fazu8AA54nxGko9WTAnF6hhy/su?wd=selenium%20%2B%20python&json=1&p=3&sid=1460_21117_18559_26181&csor=17&pwd=selenium%20%2B%20pytho&cb=jQuery11020004040168008794587_1525764761810&_=1525764761828, line 1: TypeError: jQuery11020004040168008794587_1525764761810 is not a function
1525764767937	addons.productaddons	WARN	Failed downloading via XHR, status: 0, reason: error
1525765305581	geckodriver	INFO	geckodriver 0.19.0
1525765305587	geckodriver	INFO	Listening on 127.0.0.1:62373
1525765306675	mozrunner::runner	INFO	Running command: "/Applications/Firefox.app/Contents/MacOS/firefox-bin" "-marionette" "-profile" "/var/folders/nt/ccykcd0j3sqfpm01dmdb9bs40000gn/T/rust_mozprofile.u8MkvCPZw65q"
1525765306926	addons.xpi	WARN	Error parsing extensions state: [Exception... "Component returned failure code: 0x80520012 (NS_ERROR_FILE_NOT_FOUND) [amIAddonManagerStartup.readStartupData]"  nsresult: "0x80520012 (NS_ERROR_FILE_NOT_FOUND)"  location: "JS frame :: resource://gre/modules/addons/XPIProvider.jsm :: loadExtensionState :: line 1596"  data: no] Stack trace: loadExtensionState()@resource://gre/modules/addons/XPIProvider.jsm:1596 < getInstallState()@resource://gre/modules/addons/XPIProvider.jsm:1631 < checkForChanges()@resource://gre/modules/addons/XPIProvider.jsm:3152 < startup()@resource://gre/modules/addons/XPIProvider.jsm:2246 < callProvider()@resource://gre/modules/AddonManager.jsm:271 < _startProvider()@resource://gre/modules/AddonManager.jsm:741 < startup()@resource://gre/modules/AddonManager.jsm:908 < startup()@resource://gre/modules/AddonManager.jsm:3122 < observe()@jar:file:///Applications/Firefox.app/Contents/Resources/omni.ja!/components/addonManager.js:65
1525765307242	Marionette	INFO	Enabled via --marionette
2018-05-08 15:41:48.656 plugin-container[4088:738122] *** CFMessagePort: bootstrap_register(): failed 1100 (0x44c) 'Permission denied', port = 0x8337, name = 'com.apple.tsm.portname'
See /usr/include/servers/bootstrap_defs.h for the error codes.
2018-05-08 15:41:48.679 plugin-container[4088:738122] *** CFMessagePort: bootstrap_register(): failed 1100 (0x44c) 'Permission denied', port = 0x7f0b, name = 'com.apple.coredrag'
See /usr/include/servers/bootstrap_defs.h for the error codes.
1525765308857	Marionette	INFO	Listening on port 62380
1525765308891	Marionette	WARN	TLS certificate errors will be ignored for this session
JavaScript error: chrome://marionette/content/server.js, line 337: NS_ERROR_SOCKET_ADDRESS_IN_USE: Component returned failure code: 0x804b0036 (NS_ERROR_SOCKET_ADDRESS_IN_USE) [nsIServerSocket.initSpecialConnection]
1525765308933	Marionette	DEBUG	loaded listener.js
1525765309340	Marionette	DEBUG	Received DOM event "beforeunload" for "about:blank"
1525765309431	Marionette	DEBUG	Received DOM event "pagehide" for "about:blank"
1525765309432	Marionette	DEBUG	Received DOM event "unload" for "about:blank"
1525765311239	Marionette	DEBUG	Received DOM event "DOMContentLoaded" for "https://www.jd.com/"
1525765311732	Marionette	DEBUG	Received DOM event "pageshow" for "https://www.jd.com/"
1525765342388	Marionette	INFO	New connections will no longer be accepted
1525765342616	geckodriver	INFO	geckodriver 0.19.0
1525765342621	geckodriver	INFO	Listening on 127.0.0.1:62518
1525765343678	mozrunner::runner	INFO	Running command: "/Applications/Firefox.app/Contents/MacOS/firefox-bin" "-marionette" "-profile" "/var/folders/nt/ccykcd0j3sqfpm01dmdb9bs40000gn/T/rust_mozprofile.LPmNYxyfVIEb"
1525765343920	addons.xpi	WARN	Error parsing extensions state: [Exception... "Component returned failure code: 0x80520012 (NS_ERROR_FILE_NOT_FOUND) [amIAddonManagerStartup.readStartupData]"  nsresult: "0x80520012 (NS_ERROR_FILE_NOT_FOUND)"  location: "JS frame :: resource://gre/modules/addons/XPIProvider.jsm :: loadExtensionState :: line 1596"  data: no] Stack trace: loadExtensionState()@resource://gre/modules/addons/XPIProvider.jsm:1596 < getInstallState()@resource://gre/modules/addons/XPIProvider.jsm:1631 < checkForChanges()@resource://gre/modules/addons/XPIProvider.jsm:3152 < startup()@resource://gre/modules/addons/XPIProvider.jsm:2246 < callProvider()@resource://gre/modules/AddonManager.jsm:271 < _startProvider()@resource://gre/modules/AddonManager.jsm:741 < startup()@resource://gre/modules/AddonManager.jsm:908 < startup()@resource://gre/modules/AddonManager.jsm:3122 < observe()@jar:file:///Applications/Firefox.app/Contents/Resources/omni.ja!/components/addonManager.js:65
1525765344232	Marionette	INFO	Enabled via --marionette
2018-05-08 15:42:25.572 plugin-container[4093:738679] *** CFMessagePort: bootstrap_register(): failed 1100 (0x44c) 'Permission denied', port = 0x7613, name = 'com.apple.tsm.portname'
See /usr/include/servers/bootstrap_defs.h for the error codes.
2018-05-08 15:42:25.593 plugin-container[4093:738679] *** CFMessagePort: bootstrap_register(): failed 1100 (0x44c) 'Permission denied', port = 0x790f, name = 'com.apple.coredrag'
See /usr/include/servers/bootstrap_defs.h for the error codes.
1525765345812	Marionette	INFO	Listening on port 62525
JavaScript error: chrome://marionette/content/server.js, line 337: NS_ERROR_SOCKET_ADDRESS_IN_USE: Component returned failure code: 0x804b0036 (NS_ERROR_SOCKET_ADDRESS_IN_USE) [nsIServerSocket.initSpecialConnection]
1525765345896	Marionette	WARN	TLS certificate errors will be ignored for this session
1525765345936	Marionette	DEBUG	loaded listener.js
1525765346293	Marionette	DEBUG	Received DOM event "beforeunload" for "about:blank"
1525765346392	Marionette	DEBUG	Received DOM event "pagehide" for "about:blank"
1525765346392	Marionette	DEBUG	Received DOM event "unload" for "about:blank"
1525765347867	Marionette	DEBUG	Received DOM event "DOMContentLoaded" for "https://www.jd.com/"
1525765348340	Marionette	DEBUG	Received DOM event "pageshow" for "https://www.jd.com/"
2018-05-08 15:42:32.657 firefox-bin[4092:738601] IMKInputSession [0x1390960d0 presentFunctionRowItemTextInputViewWithEndpoint:completionHandler:] : [self textInputContext]=0x132bf60a0 *NO* NSRemoteViewController to client, NSError=Error Domain=NSCocoaErrorDomain Code=4097 "connection from pid 0" UserInfo={NSDebugDescription=connection from pid 0}, com.apple.inputmethod.EmojiFunctionRowItem
2018-05-08 15:42:32.704 firefox-bin[4092:738601] IMKInputSession [0x1390960d0 presentFunctionRowItemTextInputViewWithEndpoint:completionHandler:] : [self textInputContext]=0x132bf60a0 *NO* NSRemoteViewController to client, NSError=Error Domain=NSCocoaErrorDomain Code=4097 "connection from pid 0" UserInfo={NSDebugDescription=connection from pid 0}, com.apple.inputmethod.EmojiFunctionRowItem
2018-05-08 15:42:40.537 firefox-bin[4092:738601] *** WARNING: Textured window <ToolbarWindow: 0x11ad5ba00> is getting an implicitly transparent titlebar. This will break when linking against newer SDKs. Use NSWindow's -titlebarAppearsTransparent=YES instead.
2018-05-08 15:42:41.029 firefox-bin[4092:738601] IMKInputSession [0x1390960d0 presentFunctionRowItemTextInputViewWithEndpoint:completionHandler:] : [self textInputContext]=0x132bf60a0 *NO* NSRemoteViewController to client, NSError=Error Domain=NSCocoaErrorDomain Code=4097 "connection from pid 0" UserInfo={NSDebugDescription=connection from pid 0}, com.apple.inputmethod.EmojiFunctionRowItem
2018-05-08 15:42:45.186 firefox-bin[4092:738601] IMKInputSession [0x1390960d0 presentFunctionRowItemTextInputViewWithEndpoint:completionHandler:] : [self textInputContext]=0x132bf60a0 *NO* NSRemoteViewController to client, NSError=Error Domain=NSCocoaErrorDomain Code=4097 "connection from pid 0" UserInfo={NSDebugDescription=connection from pid 0}, com.apple.inputmethod.EmojiFunctionRowItem
1525765379129	Marionette	INFO	New connections will no longer be accepted
